The target system is: Android - 15 - mips
The host system is: Linux - 4.4.0-78-generic - x86_64
Compiling the C compiler identification source file "CMakeCCompilerId.c" succeeded.
Compiler: /home/maghob/Android/Sdk/ndk-bundle/toolchains/mips64el-linux-android-4.9/prebuilt/linux-x86_64/bin/mips64el-linux-android-gcc 
Build flags: -isystem;/home/maghob/Android/Sdk/ndk-bundle/sysroot/usr/include/mipsel-linux-android;-D__ANDROID_API__=15;-g;-DANDROID;-ffunction-sections;-funwind-tables;-fstack-protector-strong;-no-canonical-prefixes;-mips32;-Wa,--noexecstack;-Wformat;-Werror=format-security;
Id flags: -c

The output was:
0


Compilation of the C compiler identification source "CMakeCCompilerId.c" produced "CMakeCCompilerId.o"

The C compiler identification is GNU, found in "/home/maghob/root/android_cartographer/app/.externalNativeBuild/cmake/release/mips/CMakeFiles/3.6.0-rc2/CompilerIdC/CMakeCCompilerId.o"

Compiling the CXX compiler identification source file "CMakeCXXCompilerId.cpp" succeeded.
Compiler: /home/maghob/Android/Sdk/ndk-bundle/toolchains/mips64el-linux-android-4.9/prebuilt/linux-x86_64/bin/mips64el-linux-android-g++ 
Build flags: -isystem;/home/maghob/Android/Sdk/ndk-bundle/sysroot/usr/include/mipsel-linux-android;-D__ANDROID_API__=15;-g;-DANDROID;-ffunction-sections;-funwind-tables;-fstack-protector-strong;-no-canonical-prefixes;-mips32;-Wa,--noexecstack;-Wformat;-Werror=format-security;;
Id flags: -c

The output was:
0


Compilation of the CXX compiler identification source "CMakeCXXCompilerId.cpp" produced "CMakeCXXCompilerId.o"

The CXX compiler identification is GNU, found in "/home/maghob/root/android_cartographer/app/.externalNativeBuild/cmake/release/mips/CMakeFiles/3.6.0-rc2/CompilerIdCXX/CMakeCXXCompilerId.o"

Determining if the C compiler works passed with the following output:
Change Dir: /home/maghob/root/android_cartographer/app/.externalNativeBuild/cmake/release/mips/CMakeFiles/CMakeTmp

Run Build Command:"/home/maghob/Android/Sdk/cmake/3.6.4111459/bin/ninja" "cmTC_542d6"
[1/2] Building C object CMakeFiles/cmTC_542d6.dir/testCCompiler.c.o
[2/2] Linking C executable cmTC_542d6


Detecting C compiler ABI info compiled with the following output:
Change Dir: /home/maghob/root/android_cartographer/app/.externalNativeBuild/cmake/release/mips/CMakeFiles/CMakeTmp

Run Build Command:"/home/maghob/Android/Sdk/cmake/3.6.4111459/bin/ninja" "cmTC_6c4c1"
[1/2] Building C object CMakeFiles/cmTC_6c4c1.dir/CMakeCCompilerABI.c.o
[2/2] Linking C executable cmTC_6c4c1
Using built-in specs.
COLLECT_GCC=/home/maghob/Android/Sdk/ndk-bundle/toolchains/mips64el-linux-android-4.9/prebuilt/linux-x86_64/bin/mips64el-linux-android-gcc
COLLECT_LTO_WRAPPER=/home/maghob/Android/Sdk/ndk-bundle/toolchains/mips64el-linux-android-4.9/prebuilt/linux-x86_64/bin/../libexec/gcc/mips64el-linux-android/4.9.x/lto-wrapper
Target: mips64el-linux-android
Configured with: /usr/local/google/buildbot/src/android/gcc/toolchain/build/../gcc/gcc-4.9/configure --prefix=/tmp/b39717317c76c1748a4094e5b62fbacf --target=mips64el-linux-android --host=x86_64-linux-gnu --build=x86_64-linux-gnu --with-gnu-as --with-gnu-ld --enable-languages=c,c++ --with-gmp=/buildbot/tmp/build/toolchain/temp-install --with-mpfr=/buildbot/tmp/build/toolchain/temp-install --with-mpc=/buildbot/tmp/build/toolchain/temp-install --with-cloog=/buildbot/tmp/build/toolchain/temp-install --with-isl=/buildbot/tmp/build/toolchain/temp-install --with-ppl=/buildbot/tmp/build/toolchain/temp-install --disable-ppl-version-check --disable-cloog-version-check --disable-isl-version-check --enable-cloog-backend=isl --with-host-libstdcxx='-static-libgcc -Wl,-Bstatic,-lstdc++,-Bdynamic -lm' --disable-libssp --enable-threads --disable-nls --disable-libmudflap --disable-libgomp --disable-libstdc__-v3 --disable-sjlj-exceptions --disable-shared --disable-tls --disable-libitm --enable-bionic-libs --enable-libatomic-ifuncs=no --enable-initfini-array --disable-nls --prefix=/tmp/b39717317c76c1748a4094e5b62fbacf --with-sysroot=/tmp/b39717317c76c1748a4094e5b62fbacf/sysroot --with-binutils-version=2.25 --with-mpfr-version=3.1.1 --with-mpc-version=1.0.1 --with-gmp-version=5.0.5 --with-gcc-version=4.9 --with-gdb-version=none --with-gxx-include-dir=/tmp/b39717317c76c1748a4094e5b62fbacf/include/c++/4.9.x --with-bugurl=http://source.android.com/source/report-bugs.html --enable-languages=c,c++ --disable-bootstrap --enable-plugins --enable-libgomp --enable-gnu-indirect-function --disable-libsanitizer --enable-threads --enable-eh-frame-hdr-for-static --enable-graphite=yes --with-isl-version=0.11.1 --with-cloog-version=0.18.0 --with-arch=mips64r6 --disable-fixed-point --program-transform-name='s&^&mips64el-linux-android-&'
Thread model: posix
gcc version 4.9.x 20150123 (prerelease) (GCC) 
COMPILER_PATH=/home/maghob/Android/Sdk/ndk-bundle/toolchains/mips64el-linux-android-4.9/prebuilt/linux-x86_64/bin/../libexec/gcc/mips64el-linux-android/4.9.x/:/home/maghob/Android/Sdk/ndk-bundle/toolchains/mips64el-linux-android-4.9/prebuilt/linux-x86_64/bin/../libexec/gcc/:/home/maghob/Android/Sdk/ndk-bundle/toolchains/mips64el-linux-android-4.9/prebuilt/linux-x86_64/bin/../lib/gcc/mips64el-linux-android/4.9.x/../../../../mips64el-linux-android/bin/
LIBRARY_PATH=/home/maghob/Android/Sdk/ndk-bundle/toolchains/mips64el-linux-android-4.9/prebuilt/linux-x86_64/bin/../lib/gcc/mips64el-linux-android/4.9.x/32/mips-r1/:/home/maghob/Android/Sdk/ndk-bundle/toolchains/mips64el-linux-android-4.9/prebuilt/linux-x86_64/bin/../lib/gcc/mips64el-linux-android/4.9.x/../../../../mips64el-linux-android/lib/../lib/../lib/:/home/maghob/Android/Sdk/ndk-bundle/platforms/android-15/arch-mips/usr/lib64/../lib/../lib/:/home/maghob/Android/Sdk/ndk-bundle/toolchains/mips64el-linux-android-4.9/prebuilt/linux-x86_64/bin/../lib/gcc/mips64el-linux-android/4.9.x/:/home/maghob/Android/Sdk/ndk-bundle/toolchains/mips64el-linux-android-4.9/prebuilt/linux-x86_64/bin/../lib/gcc/:/home/maghob/Android/Sdk/ndk-bundle/toolchains/mips64el-linux-android-4.9/prebuilt/linux-x86_64/bin/../lib/gcc/mips64el-linux-android/4.9.x/../../../../mips64el-linux-android/lib/:/home/maghob/Android/Sdk/ndk-bundle/platforms/android-15/arch-mips/usr/lib64/
COLLECT_GCC_OPTIONS='-isystem' '/home/maghob/Android/Sdk/ndk-bundle/sysroot/usr/include/mipsel-linux-android' '-D' '__ANDROID_API__=15' '-g' '-D' 'ANDROID' '-ffunction-sections' '-funwind-tables' '-fstack-protector-strong' '-mips32' '-Wformat=1' '-Werror=format-security' '-v' '-o' 'cmTC_6c4c1' '-mllsc' '-mno-synci' '-mabi=32' '-mfpxx' '-EL'
 /home/maghob/Android/Sdk/ndk-bundle/toolchains/mips64el-linux-android-4.9/prebuilt/linux-x86_64/bin/../libexec/gcc/mips64el-linux-android/4.9.x/collect2 -plugin /home/maghob/Android/Sdk/ndk-bundle/toolchains/mips64el-linux-android-4.9/prebuilt/linux-x86_64/bin/../libexec/gcc/mips64el-linux-android/4.9.x/liblto_plugin.so -plugin-opt=/home/maghob/Android/Sdk/ndk-bundle/toolchains/mips64el-linux-android-4.9/prebuilt/linux-x86_64/bin/../libexec/gcc/mips64el-linux-android/4.9.x/lto-wrapper -plugin-opt=-fresolution=/tmp/ccnhI8xh.res -plugin-opt=-pass-through=-lgcc -plugin-opt=-pass-through=-lc -plugin-opt=-pass-through=-ldl -plugin-opt=-pass-through=-lgcc --sysroot=/home/maghob/Android/Sdk/ndk-bundle/platforms/android-15/arch-mips --eh-frame-hdr -EL -mips32 -dynamic-linker /system/bin/linker -melf32ltsmip -z noexecstack -z relro -z now -o cmTC_6c4c1 /home/maghob/Android/Sdk/ndk-bundle/platforms/android-15/arch-mips/usr/lib64/../lib/../lib/crtbegin_dynamic.o -L/home/maghob/Android/Sdk/ndk-bundle/toolchains/mips64el-linux-android-4.9/prebuilt/linux-x86_64/bin/../lib/gcc/mips64el-linux-android/4.9.x/32/mips-r1 -L/home/maghob/Android/Sdk/ndk-bundle/toolchains/mips64el-linux-android-4.9/prebuilt/linux-x86_64/bin/../lib/gcc/mips64el-linux-android/4.9.x/../../../../mips64el-linux-android/lib/../lib/../lib -L/home/maghob/Android/Sdk/ndk-bundle/platforms/android-15/arch-mips/usr/lib64/../lib/../lib -L/home/maghob/Android/Sdk/ndk-bundle/toolchains/mips64el-linux-android-4.9/prebuilt/linux-x86_64/bin/../lib/gcc/mips64el-linux-android/4.9.x -L/home/maghob/Android/Sdk/ndk-bundle/toolchains/mips64el-linux-android-4.9/prebuilt/linux-x86_64/bin/../lib/gcc -L/home/maghob/Android/Sdk/ndk-bundle/toolchains/mips64el-linux-android-4.9/prebuilt/linux-x86_64/bin/../lib/gcc/mips64el-linux-android/4.9.x/../../../../mips64el-linux-android/lib -L/home/maghob/Android/Sdk/ndk-bundle/platforms/android-15/arch-mips/usr/lib64 --exclude-libs libgcc.a --build-id --warn-shared-textrel --fatal-warnings --no-undefined -z noexecstack -z relro -z now --gc-sections -z nocopyreloc CMakeFiles/cmTC_6c4c1.dir/CMakeCCompilerABI.c.o -lgcc -lc -ldl -lgcc /home/maghob/Android/Sdk/ndk-bundle/platforms/android-15/arch-mips/usr/lib64/../lib/../lib/crtend_android.o


Parsed C implicit link information from above output:
  link line regex: [^( *|.*[/\])(mips64el-linux-android-ld|([^/\]+-)?ld|collect2)[^/\]*( |$)]
  ignore line: [Change Dir: /home/maghob/root/android_cartographer/app/.externalNativeBuild/cmake/release/mips/CMakeFiles/CMakeTmp]
  ignore line: []
  ignore line: [Run Build Command:"/home/maghob/Android/Sdk/cmake/3.6.4111459/bin/ninja" "cmTC_6c4c1"]
  ignore line: [[1/2] Building C object CMakeFiles/cmTC_6c4c1.dir/CMakeCCompilerABI.c.o]
  ignore line: [[2/2] Linking C executable cmTC_6c4c1]
  ignore line: [Using built-in specs.]
  ignore line: [COLLECT_GCC=/home/maghob/Android/Sdk/ndk-bundle/toolchains/mips64el-linux-android-4.9/prebuilt/linux-x86_64/bin/mips64el-linux-android-gcc]
  ignore line: [COLLECT_LTO_WRAPPER=/home/maghob/Android/Sdk/ndk-bundle/toolchains/mips64el-linux-android-4.9/prebuilt/linux-x86_64/bin/../libexec/gcc/mips64el-linux-android/4.9.x/lto-wrapper]
  ignore line: [Target: mips64el-linux-android]
  ignore line: [Configured with: /usr/local/google/buildbot/src/android/gcc/toolchain/build/../gcc/gcc-4.9/configure --prefix=/tmp/b39717317c76c1748a4094e5b62fbacf --target=mips64el-linux-android --host=x86_64-linux-gnu --build=x86_64-linux-gnu --with-gnu-as --with-gnu-ld --enable-languages=c,c++ --with-gmp=/buildbot/tmp/build/toolchain/temp-install --with-mpfr=/buildbot/tmp/build/toolchain/temp-install --with-mpc=/buildbot/tmp/build/toolchain/temp-install --with-cloog=/buildbot/tmp/build/toolchain/temp-install --with-isl=/buildbot/tmp/build/toolchain/temp-install --with-ppl=/buildbot/tmp/build/toolchain/temp-install --disable-ppl-version-check --disable-cloog-version-check --disable-isl-version-check --enable-cloog-backend=isl --with-host-libstdcxx='-static-libgcc -Wl,-Bstatic,-lstdc++,-Bdynamic -lm' --disable-libssp --enable-threads --disable-nls --disable-libmudflap --disable-libgomp --disable-libstdc__-v3 --disable-sjlj-exceptions --disable-shared --disable-tls --disable-libitm --enable-bionic-libs --enable-libatomic-ifuncs=no --enable-initfini-array --disable-nls --prefix=/tmp/b39717317c76c1748a4094e5b62fbacf --with-sysroot=/tmp/b39717317c76c1748a4094e5b62fbacf/sysroot --with-binutils-version=2.25 --with-mpfr-version=3.1.1 --with-mpc-version=1.0.1 --with-gmp-version=5.0.5 --with-gcc-version=4.9 --with-gdb-version=none --with-gxx-include-dir=/tmp/b39717317c76c1748a4094e5b62fbacf/include/c++/4.9.x --with-bugurl=http://source.android.com/source/report-bugs.html --enable-languages=c,c++ --disable-bootstrap --enable-plugins --enable-libgomp --enable-gnu-indirect-function --disable-libsanitizer --enable-threads --enable-eh-frame-hdr-for-static --enable-graphite=yes --with-isl-version=0.11.1 --with-cloog-version=0.18.0 --with-arch=mips64r6 --disable-fixed-point --program-transform-name='s&^&mips64el-linux-android-&']
  ignore line: [Thread model: posix]
  ignore line: [gcc version 4.9.x 20150123 (prerelease) (GCC) ]
  ignore line: [COMPILER_PATH=/home/maghob/Android/Sdk/ndk-bundle/toolchains/mips64el-linux-android-4.9/prebuilt/linux-x86_64/bin/../libexec/gcc/mips64el-linux-android/4.9.x/:/home/maghob/Android/Sdk/ndk-bundle/toolchains/mips64el-linux-android-4.9/prebuilt/linux-x86_64/bin/../libexec/gcc/:/home/maghob/Android/Sdk/ndk-bundle/toolchains/mips64el-linux-android-4.9/prebuilt/linux-x86_64/bin/../lib/gcc/mips64el-linux-android/4.9.x/../../../../mips64el-linux-android/bin/]
  ignore line: [LIBRARY_PATH=/home/maghob/Android/Sdk/ndk-bundle/toolchains/mips64el-linux-android-4.9/prebuilt/linux-x86_64/bin/../lib/gcc/mips64el-linux-android/4.9.x/32/mips-r1/:/home/maghob/Android/Sdk/ndk-bundle/toolchains/mips64el-linux-android-4.9/prebuilt/linux-x86_64/bin/../lib/gcc/mips64el-linux-android/4.9.x/../../../../mips64el-linux-android/lib/../lib/../lib/:/home/maghob/Android/Sdk/ndk-bundle/platforms/android-15/arch-mips/usr/lib64/../lib/../lib/:/home/maghob/Android/Sdk/ndk-bundle/toolchains/mips64el-linux-android-4.9/prebuilt/linux-x86_64/bin/../lib/gcc/mips64el-linux-android/4.9.x/:/home/maghob/Android/Sdk/ndk-bundle/toolchains/mips64el-linux-android-4.9/prebuilt/linux-x86_64/bin/../lib/gcc/:/home/maghob/Android/Sdk/ndk-bundle/toolchains/mips64el-linux-android-4.9/prebuilt/linux-x86_64/bin/../lib/gcc/mips64el-linux-android/4.9.x/../../../../mips64el-linux-android/lib/:/home/maghob/Android/Sdk/ndk-bundle/platforms/android-15/arch-mips/usr/lib64/]
  ignore line: [COLLECT_GCC_OPTIONS='-isystem' '/home/maghob/Android/Sdk/ndk-bundle/sysroot/usr/include/mipsel-linux-android' '-D' '__ANDROID_API__=15' '-g' '-D' 'ANDROID' '-ffunction-sections' '-funwind-tables' '-fstack-protector-strong' '-mips32' '-Wformat=1' '-Werror=format-security' '-v' '-o' 'cmTC_6c4c1' '-mllsc' '-mno-synci' '-mabi=32' '-mfpxx' '-EL']
  link line: [ /home/maghob/Android/Sdk/ndk-bundle/toolchains/mips64el-linux-android-4.9/prebuilt/linux-x86_64/bin/../libexec/gcc/mips64el-linux-android/4.9.x/collect2 -plugin /home/maghob/Android/Sdk/ndk-bundle/toolchains/mips64el-linux-android-4.9/prebuilt/linux-x86_64/bin/../libexec/gcc/mips64el-linux-android/4.9.x/liblto_plugin.so -plugin-opt=/home/maghob/Android/Sdk/ndk-bundle/toolchains/mips64el-linux-android-4.9/prebuilt/linux-x86_64/bin/../libexec/gcc/mips64el-linux-android/4.9.x/lto-wrapper -plugin-opt=-fresolution=/tmp/ccnhI8xh.res -plugin-opt=-pass-through=-lgcc -plugin-opt=-pass-through=-lc -plugin-opt=-pass-through=-ldl -plugin-opt=-pass-through=-lgcc --sysroot=/home/maghob/Android/Sdk/ndk-bundle/platforms/android-15/arch-mips --eh-frame-hdr -EL -mips32 -dynamic-linker /system/bin/linker -melf32ltsmip -z noexecstack -z relro -z now -o cmTC_6c4c1 /home/maghob/Android/Sdk/ndk-bundle/platforms/android-15/arch-mips/usr/lib64/../lib/../lib/crtbegin_dynamic.o -L/home/maghob/Android/Sdk/ndk-bundle/toolchains/mips64el-linux-android-4.9/prebuilt/linux-x86_64/bin/../lib/gcc/mips64el-linux-android/4.9.x/32/mips-r1 -L/home/maghob/Android/Sdk/ndk-bundle/toolchains/mips64el-linux-android-4.9/prebuilt/linux-x86_64/bin/../lib/gcc/mips64el-linux-android/4.9.x/../../../../mips64el-linux-android/lib/../lib/../lib -L/home/maghob/Android/Sdk/ndk-bundle/platforms/android-15/arch-mips/usr/lib64/../lib/../lib -L/home/maghob/Android/Sdk/ndk-bundle/toolchains/mips64el-linux-android-4.9/prebuilt/linux-x86_64/bin/../lib/gcc/mips64el-linux-android/4.9.x -L/home/maghob/Android/Sdk/ndk-bundle/toolchains/mips64el-linux-android-4.9/prebuilt/linux-x86_64/bin/../lib/gcc -L/home/maghob/Android/Sdk/ndk-bundle/toolchains/mips64el-linux-android-4.9/prebuilt/linux-x86_64/bin/../lib/gcc/mips64el-linux-android/4.9.x/../../../../mips64el-linux-android/lib -L/home/maghob/Android/Sdk/ndk-bundle/platforms/android-15/arch-mips/usr/lib64 --exclude-libs libgcc.a --build-id --warn-shared-textrel --fatal-warnings --no-undefined -z noexecstack -z relro -z now --gc-sections -z nocopyreloc CMakeFiles/cmTC_6c4c1.dir/CMakeCCompilerABI.c.o -lgcc -lc -ldl -lgcc /home/maghob/Android/Sdk/ndk-bundle/platforms/android-15/arch-mips/usr/lib64/../lib/../lib/crtend_android.o]
    arg [/home/maghob/Android/Sdk/ndk-bundle/toolchains/mips64el-linux-android-4.9/prebuilt/linux-x86_64/bin/../libexec/gcc/mips64el-linux-android/4.9.x/collect2] ==> ignore
    arg [-plugin] ==> ignore
    arg [/home/maghob/Android/Sdk/ndk-bundle/toolchains/mips64el-linux-android-4.9/prebuilt/linux-x86_64/bin/../libexec/gcc/mips64el-linux-android/4.9.x/liblto_plugin.so] ==> ignore
    arg [-plugin-opt=/home/maghob/Android/Sdk/ndk-bundle/toolchains/mips64el-linux-android-4.9/prebuilt/linux-x86_64/bin/../libexec/gcc/mips64el-linux-android/4.9.x/lto-wrapper] ==> ignore
    arg [-plugin-opt=-fresolution=/tmp/ccnhI8xh.res] ==> ignore
    arg [-plugin-opt=-pass-through=-lgcc] ==> ignore
    arg [-plugin-opt=-pass-through=-lc] ==> ignore
    arg [-plugin-opt=-pass-through=-ldl] ==> ignore
    arg [-plugin-opt=-pass-through=-lgcc] ==> ignore
    arg [--sysroot=/home/maghob/Android/Sdk/ndk-bundle/platforms/android-15/arch-mips] ==> ignore
    arg [--eh-frame-hdr] ==> ignore
    arg [-EL] ==> ignore
    arg [-mips32] ==> ignore
    arg [-dynamic-linker] ==> ignore
    arg [/system/bin/linker] ==> ignore
    arg [-melf32ltsmip] ==> ignore
    arg [-znoexecstack] ==> ignore
    arg [-zrelro] ==> ignore
    arg [-znow] ==> ignore
    arg [-o] ==> ignore
    arg [cmTC_6c4c1] ==> ignore
    arg [/home/maghob/Android/Sdk/ndk-bundle/platforms/android-15/arch-mips/usr/lib64/../lib/../lib/crtbegin_dynamic.o] ==> ignore
    arg [-L/home/maghob/Android/Sdk/ndk-bundle/toolchains/mips64el-linux-android-4.9/prebuilt/linux-x86_64/bin/../lib/gcc/mips64el-linux-android/4.9.x/32/mips-r1] ==> dir [/home/maghob/Android/Sdk/ndk-bundle/toolchains/mips64el-linux-android-4.9/prebuilt/linux-x86_64/bin/../lib/gcc/mips64el-linux-android/4.9.x/32/mips-r1]
    arg [-L/home/maghob/Android/Sdk/ndk-bundle/toolchains/mips64el-linux-android-4.9/prebuilt/linux-x86_64/bin/../lib/gcc/mips64el-linux-android/4.9.x/../../../../mips64el-linux-android/lib/../lib/../lib] ==> dir [/home/maghob/Android/Sdk/ndk-bundle/toolchains/mips64el-linux-android-4.9/prebuilt/linux-x86_64/bin/../lib/gcc/mips64el-linux-android/4.9.x/../../../../mips64el-linux-android/lib/../lib/../lib]
    arg [-L/home/maghob/Android/Sdk/ndk-bundle/platforms/android-15/arch-mips/usr/lib64/../lib/../lib] ==> dir [/home/maghob/Android/Sdk/ndk-bundle/platforms/android-15/arch-mips/usr/lib64/../lib/../lib]
    arg [-L/home/maghob/Android/Sdk/ndk-bundle/toolchains/mips64el-linux-android-4.9/prebuilt/linux-x86_64/bin/../lib/gcc/mips64el-linux-android/4.9.x] ==> dir [/home/maghob/Android/Sdk/ndk-bundle/toolchains/mips64el-linux-android-4.9/prebuilt/linux-x86_64/bin/../lib/gcc/mips64el-linux-android/4.9.x]
    arg [-L/home/maghob/Android/Sdk/ndk-bundle/toolchains/mips64el-linux-android-4.9/prebuilt/linux-x86_64/bin/../lib/gcc] ==> dir [/home/maghob/Android/Sdk/ndk-bundle/toolchains/mips64el-linux-android-4.9/prebuilt/linux-x86_64/bin/../lib/gcc]
    arg [-L/home/maghob/Android/Sdk/ndk-bundle/toolchains/mips64el-linux-android-4.9/prebuilt/linux-x86_64/bin/../lib/gcc/mips64el-linux-android/4.9.x/../../../../mips64el-linux-android/lib] ==> dir [/home/maghob/Android/Sdk/ndk-bundle/toolchains/mips64el-linux-android-4.9/prebuilt/linux-x86_64/bin/../lib/gcc/mips64el-linux-android/4.9.x/../../../../mips64el-linux-android/lib]
    arg [-L/home/maghob/Android/Sdk/ndk-bundle/platforms/android-15/arch-mips/usr/lib64] ==> dir [/home/maghob/Android/Sdk/ndk-bundle/platforms/android-15/arch-mips/usr/lib64]
    arg [--exclude-libs] ==> ignore
    arg [libgcc.a] ==> ignore
    arg [--build-id] ==> ignore
    arg [--warn-shared-textrel] ==> ignore
    arg [--fatal-warnings] ==> ignore
    arg [--no-undefined] ==> ignore
    arg [-znoexecstack] ==> ignore
    arg [-zrelro] ==> ignore
    arg [-znow] ==> ignore
    arg [--gc-sections] ==> ignore
    arg [-znocopyreloc] ==> ignore
    arg [CMakeFiles/cmTC_6c4c1.dir/CMakeCCompilerABI.c.o] ==> ignore
    arg [-lgcc] ==> lib [gcc]
    arg [-lc] ==> lib [c]
    arg [-ldl] ==> lib [dl]
    arg [-lgcc] ==> lib [gcc]
    arg [/home/maghob/Android/Sdk/ndk-bundle/platforms/android-15/arch-mips/usr/lib64/../lib/../lib/crtend_android.o] ==> ignore
  remove lib [gcc]
  remove lib [gcc]
  collapse library dir [/home/maghob/Android/Sdk/ndk-bundle/toolchains/mips64el-linux-android-4.9/prebuilt/linux-x86_64/bin/../lib/gcc/mips64el-linux-android/4.9.x/32/mips-r1] ==> [/home/maghob/Android/Sdk/ndk-bundle/toolchains/mips64el-linux-android-4.9/prebuilt/linux-x86_64/lib/gcc/mips64el-linux-android/4.9.x/32/mips-r1]
  collapse library dir [/home/maghob/Android/Sdk/ndk-bundle/toolchains/mips64el-linux-android-4.9/prebuilt/linux-x86_64/bin/../lib/gcc/mips64el-linux-android/4.9.x/../../../../mips64el-linux-android/lib/../lib/../lib] ==> [/home/maghob/Android/Sdk/ndk-bundle/toolchains/mips64el-linux-android-4.9/prebuilt/linux-x86_64/mips64el-linux-android/lib]
  collapse library dir [/home/maghob/Android/Sdk/ndk-bundle/platforms/android-15/arch-mips/usr/lib64/../lib/../lib] ==> [/home/maghob/Android/Sdk/ndk-bundle/platforms/android-15/arch-mips/usr/lib]
  collapse library dir [/home/maghob/Android/Sdk/ndk-bundle/toolchains/mips64el-linux-android-4.9/prebuilt/linux-x86_64/bin/../lib/gcc/mips64el-linux-android/4.9.x] ==> [/home/maghob/Android/Sdk/ndk-bundle/toolchains/mips64el-linux-android-4.9/prebuilt/linux-x86_64/lib/gcc/mips64el-linux-android/4.9.x]
  collapse library dir [/home/maghob/Android/Sdk/ndk-bundle/toolchains/mips64el-linux-android-4.9/prebuilt/linux-x86_64/bin/../lib/gcc] ==> [/home/maghob/Android/Sdk/ndk-bundle/toolchains/mips64el-linux-android-4.9/prebuilt/linux-x86_64/lib/gcc]
  collapse library dir [/home/maghob/Android/Sdk/ndk-bundle/toolchains/mips64el-linux-android-4.9/prebuilt/linux-x86_64/bin/../lib/gcc/mips64el-linux-android/4.9.x/../../../../mips64el-linux-android/lib] ==> [/home/maghob/Android/Sdk/ndk-bundle/toolchains/mips64el-linux-android-4.9/prebuilt/linux-x86_64/mips64el-linux-android/lib]
  collapse library dir [/home/maghob/Android/Sdk/ndk-bundle/platforms/android-15/arch-mips/usr/lib64] ==> [/home/maghob/Android/Sdk/ndk-bundle/platforms/android-15/arch-mips/usr/lib64]
  implicit libs: [c;dl]
  implicit dirs: [/home/maghob/Android/Sdk/ndk-bundle/toolchains/mips64el-linux-android-4.9/prebuilt/linux-x86_64/lib/gcc/mips64el-linux-android/4.9.x/32/mips-r1;/home/maghob/Android/Sdk/ndk-bundle/toolchains/mips64el-linux-android-4.9/prebuilt/linux-x86_64/mips64el-linux-android/lib;/home/maghob/Android/Sdk/ndk-bundle/platforms/android-15/arch-mips/usr/lib;/home/maghob/Android/Sdk/ndk-bundle/toolchains/mips64el-linux-android-4.9/prebuilt/linux-x86_64/lib/gcc/mips64el-linux-android/4.9.x;/home/maghob/Android/Sdk/ndk-bundle/toolchains/mips64el-linux-android-4.9/prebuilt/linux-x86_64/lib/gcc;/home/maghob/Android/Sdk/ndk-bundle/platforms/android-15/arch-mips/usr/lib64]
  implicit fwks: []




Detecting C [-std=c11] compiler features compiled with the following output:
Change Dir: /home/maghob/root/android_cartographer/app/.externalNativeBuild/cmake/release/mips/CMakeFiles/CMakeTmp

Run Build Command:"/home/maghob/Android/Sdk/cmake/3.6.4111459/bin/ninja" "cmTC_98720"
[1/2] Building C object CMakeFiles/cmTC_98720.dir/feature_tests.c.o
[2/2] Linking C executable cmTC_98720


    Feature record: C_FEATURE:1c_function_prototypes
    Feature record: C_FEATURE:1c_restrict
    Feature record: C_FEATURE:1c_static_assert
    Feature record: C_FEATURE:1c_variadic_macros


Detecting C [-std=c99] compiler features compiled with the following output:
Change Dir: /home/maghob/root/android_cartographer/app/.externalNativeBuild/cmake/release/mips/CMakeFiles/CMakeTmp

Run Build Command:"/home/maghob/Android/Sdk/cmake/3.6.4111459/bin/ninja" "cmTC_be27d"
[1/2] Building C object CMakeFiles/cmTC_be27d.dir/feature_tests.c.o
[2/2] Linking C executable cmTC_be27d


    Feature record: C_FEATURE:1c_function_prototypes
    Feature record: C_FEATURE:1c_restrict
    Feature record: C_FEATURE:0c_static_assert
    Feature record: C_FEATURE:1c_variadic_macros


Detecting C [-std=c90] compiler features compiled with the following output:
Change Dir: /home/maghob/root/android_cartographer/app/.externalNativeBuild/cmake/release/mips/CMakeFiles/CMakeTmp

Run Build Command:"/home/maghob/Android/Sdk/cmake/3.6.4111459/bin/ninja" "cmTC_ad4a0"
[1/2] Building C object CMakeFiles/cmTC_ad4a0.dir/feature_tests.c.o
[2/2] Linking C executable cmTC_ad4a0


    Feature record: C_FEATURE:1c_function_prototypes
    Feature record: C_FEATURE:0c_restrict
    Feature record: C_FEATURE:0c_static_assert
    Feature record: C_FEATURE:0c_variadic_macros
Determining if the CXX compiler works passed with the following output:
Change Dir: /home/maghob/root/android_cartographer/app/.externalNativeBuild/cmake/release/mips/CMakeFiles/CMakeTmp

Run Build Command:"/home/maghob/Android/Sdk/cmake/3.6.4111459/bin/ninja" "cmTC_7cbb3"
[1/2] Building CXX object CMakeFiles/cmTC_7cbb3.dir/testCXXCompiler.cxx.o
[2/2] Linking CXX executable cmTC_7cbb3


Detecting CXX compiler ABI info compiled with the following output:
Change Dir: /home/maghob/root/android_cartographer/app/.externalNativeBuild/cmake/release/mips/CMakeFiles/CMakeTmp

Run Build Command:"/home/maghob/Android/Sdk/cmake/3.6.4111459/bin/ninja" "cmTC_60785"
[1/2] Building CXX object CMakeFiles/cmTC_60785.dir/CMakeCXXCompilerABI.cpp.o
[2/2] Linking CXX executable cmTC_60785
Using built-in specs.
COLLECT_GCC=/home/maghob/Android/Sdk/ndk-bundle/toolchains/mips64el-linux-android-4.9/prebuilt/linux-x86_64/bin/mips64el-linux-android-g++
COLLECT_LTO_WRAPPER=/home/maghob/Android/Sdk/ndk-bundle/toolchains/mips64el-linux-android-4.9/prebuilt/linux-x86_64/bin/../libexec/gcc/mips64el-linux-android/4.9.x/lto-wrapper
Target: mips64el-linux-android
Configured with: /usr/local/google/buildbot/src/android/gcc/toolchain/build/../gcc/gcc-4.9/configure --prefix=/tmp/b39717317c76c1748a4094e5b62fbacf --target=mips64el-linux-android --host=x86_64-linux-gnu --build=x86_64-linux-gnu --with-gnu-as --with-gnu-ld --enable-languages=c,c++ --with-gmp=/buildbot/tmp/build/toolchain/temp-install --with-mpfr=/buildbot/tmp/build/toolchain/temp-install --with-mpc=/buildbot/tmp/build/toolchain/temp-install --with-cloog=/buildbot/tmp/build/toolchain/temp-install --with-isl=/buildbot/tmp/build/toolchain/temp-install --with-ppl=/buildbot/tmp/build/toolchain/temp-install --disable-ppl-version-check --disable-cloog-version-check --disable-isl-version-check --enable-cloog-backend=isl --with-host-libstdcxx='-static-libgcc -Wl,-Bstatic,-lstdc++,-Bdynamic -lm' --disable-libssp --enable-threads --disable-nls --disable-libmudflap --disable-libgomp --disable-libstdc__-v3 --disable-sjlj-exceptions --disable-shared --disable-tls --disable-libitm --enable-bionic-libs --enable-libatomic-ifuncs=no --enable-initfini-array --disable-nls --prefix=/tmp/b39717317c76c1748a4094e5b62fbacf --with-sysroot=/tmp/b39717317c76c1748a4094e5b62fbacf/sysroot --with-binutils-version=2.25 --with-mpfr-version=3.1.1 --with-mpc-version=1.0.1 --with-gmp-version=5.0.5 --with-gcc-version=4.9 --with-gdb-version=none --with-gxx-include-dir=/tmp/b39717317c76c1748a4094e5b62fbacf/include/c++/4.9.x --with-bugurl=http://source.android.com/source/report-bugs.html --enable-languages=c,c++ --disable-bootstrap --enable-plugins --enable-libgomp --enable-gnu-indirect-function --disable-libsanitizer --enable-threads --enable-eh-frame-hdr-for-static --enable-graphite=yes --with-isl-version=0.11.1 --with-cloog-version=0.18.0 --with-arch=mips64r6 --disable-fixed-point --program-transform-name='s&^&mips64el-linux-android-&'
Thread model: posix
gcc version 4.9.x 20150123 (prerelease) (GCC) 
COMPILER_PATH=/home/maghob/Android/Sdk/ndk-bundle/toolchains/mips64el-linux-android-4.9/prebuilt/linux-x86_64/bin/../libexec/gcc/mips64el-linux-android/4.9.x/:/home/maghob/Android/Sdk/ndk-bundle/toolchains/mips64el-linux-android-4.9/prebuilt/linux-x86_64/bin/../libexec/gcc/:/home/maghob/Android/Sdk/ndk-bundle/toolchains/mips64el-linux-android-4.9/prebuilt/linux-x86_64/bin/../lib/gcc/mips64el-linux-android/4.9.x/../../../../mips64el-linux-android/bin/
LIBRARY_PATH=/home/maghob/Android/Sdk/ndk-bundle/toolchains/mips64el-linux-android-4.9/prebuilt/linux-x86_64/bin/../lib/gcc/mips64el-linux-android/4.9.x/32/mips-r1/:/home/maghob/Android/Sdk/ndk-bundle/toolchains/mips64el-linux-android-4.9/prebuilt/linux-x86_64/bin/../lib/gcc/mips64el-linux-android/4.9.x/../../../../mips64el-linux-android/lib/../lib/../lib/:/home/maghob/Android/Sdk/ndk-bundle/platforms/android-15/arch-mips/usr/lib64/../lib/../lib/:/home/maghob/Android/Sdk/ndk-bundle/toolchains/mips64el-linux-android-4.9/prebuilt/linux-x86_64/bin/../lib/gcc/mips64el-linux-android/4.9.x/:/home/maghob/Android/Sdk/ndk-bundle/toolchains/mips64el-linux-android-4.9/prebuilt/linux-x86_64/bin/../lib/gcc/:/home/maghob/Android/Sdk/ndk-bundle/toolchains/mips64el-linux-android-4.9/prebuilt/linux-x86_64/bin/../lib/gcc/mips64el-linux-android/4.9.x/../../../../mips64el-linux-android/lib/:/home/maghob/Android/Sdk/ndk-bundle/platforms/android-15/arch-mips/usr/lib64/
COLLECT_GCC_OPTIONS='-isystem' '/home/maghob/Android/Sdk/ndk-bundle/sysroot/usr/include/mipsel-linux-android' '-D' '__ANDROID_API__=15' '-g' '-D' 'ANDROID' '-ffunction-sections' '-funwind-tables' '-fstack-protector-strong' '-mips32' '-Wformat=1' '-Werror=format-security' '-v' '-o' 'cmTC_60785' '-mllsc' '-mno-synci' '-mabi=32' '-mfpxx' '-EL'
 /home/maghob/Android/Sdk/ndk-bundle/toolchains/mips64el-linux-android-4.9/prebuilt/linux-x86_64/bin/../libexec/gcc/mips64el-linux-android/4.9.x/collect2 -plugin /home/maghob/Android/Sdk/ndk-bundle/toolchains/mips64el-linux-android-4.9/prebuilt/linux-x86_64/bin/../libexec/gcc/mips64el-linux-android/4.9.x/liblto_plugin.so -plugin-opt=/home/maghob/Android/Sdk/ndk-bundle/toolchains/mips64el-linux-android-4.9/prebuilt/linux-x86_64/bin/../libexec/gcc/mips64el-linux-android/4.9.x/lto-wrapper -plugin-opt=-fresolution=/tmp/ccUwVvWp.res -plugin-opt=-pass-through=-lgcc -plugin-opt=-pass-through=-lc -plugin-opt=-pass-through=-ldl -plugin-opt=-pass-through=-lgcc --sysroot=/home/maghob/Android/Sdk/ndk-bundle/platforms/android-15/arch-mips --eh-frame-hdr -EL -mips32 -dynamic-linker /system/bin/linker -melf32ltsmip -z noexecstack -z relro -z now -o cmTC_60785 /home/maghob/Android/Sdk/ndk-bundle/platforms/android-15/arch-mips/usr/lib64/../lib/../lib/crtbegin_dynamic.o -L/home/maghob/Android/Sdk/ndk-bundle/toolchains/mips64el-linux-android-4.9/prebuilt/linux-x86_64/bin/../lib/gcc/mips64el-linux-android/4.9.x/32/mips-r1 -L/home/maghob/Android/Sdk/ndk-bundle/toolchains/mips64el-linux-android-4.9/prebuilt/linux-x86_64/bin/../lib/gcc/mips64el-linux-android/4.9.x/../../../../mips64el-linux-android/lib/../lib/../lib -L/home/maghob/Android/Sdk/ndk-bundle/platforms/android-15/arch-mips/usr/lib64/../lib/../lib -L/home/maghob/Android/Sdk/ndk-bundle/toolchains/mips64el-linux-android-4.9/prebuilt/linux-x86_64/bin/../lib/gcc/mips64el-linux-android/4.9.x -L/home/maghob/Android/Sdk/ndk-bundle/toolchains/mips64el-linux-android-4.9/prebuilt/linux-x86_64/bin/../lib/gcc -L/home/maghob/Android/Sdk/ndk-bundle/toolchains/mips64el-linux-android-4.9/prebuilt/linux-x86_64/bin/../lib/gcc/mips64el-linux-android/4.9.x/../../../../mips64el-linux-android/lib -L/home/maghob/Android/Sdk/ndk-bundle/platforms/android-15/arch-mips/usr/lib64 --exclude-libs libgcc.a --build-id --warn-shared-textrel --fatal-warnings --no-undefined -z noexecstack -z relro -z now --gc-sections -z nocopyreloc CMakeFiles/cmTC_60785.dir/CMakeCXXCompilerABI.cpp.o -lstdc++ -lm -lgcc -lc -ldl -lgcc /home/maghob/Android/Sdk/ndk-bundle/platforms/android-15/arch-mips/usr/lib64/../lib/../lib/crtend_android.o


Parsed CXX implicit link information from above output:
  link line regex: [^( *|.*[/\])(mips64el-linux-android-ld|([^/\]+-)?ld|collect2)[^/\]*( |$)]
  ignore line: [Change Dir: /home/maghob/root/android_cartographer/app/.externalNativeBuild/cmake/release/mips/CMakeFiles/CMakeTmp]
  ignore line: []
  ignore line: [Run Build Command:"/home/maghob/Android/Sdk/cmake/3.6.4111459/bin/ninja" "cmTC_60785"]
  ignore line: [[1/2] Building CXX object CMakeFiles/cmTC_60785.dir/CMakeCXXCompilerABI.cpp.o]
  ignore line: [[2/2] Linking CXX executable cmTC_60785]
  ignore line: [Using built-in specs.]
  ignore line: [COLLECT_GCC=/home/maghob/Android/Sdk/ndk-bundle/toolchains/mips64el-linux-android-4.9/prebuilt/linux-x86_64/bin/mips64el-linux-android-g++]
  ignore line: [COLLECT_LTO_WRAPPER=/home/maghob/Android/Sdk/ndk-bundle/toolchains/mips64el-linux-android-4.9/prebuilt/linux-x86_64/bin/../libexec/gcc/mips64el-linux-android/4.9.x/lto-wrapper]
  ignore line: [Target: mips64el-linux-android]
  ignore line: [Configured with: /usr/local/google/buildbot/src/android/gcc/toolchain/build/../gcc/gcc-4.9/configure --prefix=/tmp/b39717317c76c1748a4094e5b62fbacf --target=mips64el-linux-android --host=x86_64-linux-gnu --build=x86_64-linux-gnu --with-gnu-as --with-gnu-ld --enable-languages=c,c++ --with-gmp=/buildbot/tmp/build/toolchain/temp-install --with-mpfr=/buildbot/tmp/build/toolchain/temp-install --with-mpc=/buildbot/tmp/build/toolchain/temp-install --with-cloog=/buildbot/tmp/build/toolchain/temp-install --with-isl=/buildbot/tmp/build/toolchain/temp-install --with-ppl=/buildbot/tmp/build/toolchain/temp-install --disable-ppl-version-check --disable-cloog-version-check --disable-isl-version-check --enable-cloog-backend=isl --with-host-libstdcxx='-static-libgcc -Wl,-Bstatic,-lstdc++,-Bdynamic -lm' --disable-libssp --enable-threads --disable-nls --disable-libmudflap --disable-libgomp --disable-libstdc__-v3 --disable-sjlj-exceptions --disable-shared --disable-tls --disable-libitm --enable-bionic-libs --enable-libatomic-ifuncs=no --enable-initfini-array --disable-nls --prefix=/tmp/b39717317c76c1748a4094e5b62fbacf --with-sysroot=/tmp/b39717317c76c1748a4094e5b62fbacf/sysroot --with-binutils-version=2.25 --with-mpfr-version=3.1.1 --with-mpc-version=1.0.1 --with-gmp-version=5.0.5 --with-gcc-version=4.9 --with-gdb-version=none --with-gxx-include-dir=/tmp/b39717317c76c1748a4094e5b62fbacf/include/c++/4.9.x --with-bugurl=http://source.android.com/source/report-bugs.html --enable-languages=c,c++ --disable-bootstrap --enable-plugins --enable-libgomp --enable-gnu-indirect-function --disable-libsanitizer --enable-threads --enable-eh-frame-hdr-for-static --enable-graphite=yes --with-isl-version=0.11.1 --with-cloog-version=0.18.0 --with-arch=mips64r6 --disable-fixed-point --program-transform-name='s&^&mips64el-linux-android-&']
  ignore line: [Thread model: posix]
  ignore line: [gcc version 4.9.x 20150123 (prerelease) (GCC) ]
  ignore line: [COMPILER_PATH=/home/maghob/Android/Sdk/ndk-bundle/toolchains/mips64el-linux-android-4.9/prebuilt/linux-x86_64/bin/../libexec/gcc/mips64el-linux-android/4.9.x/:/home/maghob/Android/Sdk/ndk-bundle/toolchains/mips64el-linux-android-4.9/prebuilt/linux-x86_64/bin/../libexec/gcc/:/home/maghob/Android/Sdk/ndk-bundle/toolchains/mips64el-linux-android-4.9/prebuilt/linux-x86_64/bin/../lib/gcc/mips64el-linux-android/4.9.x/../../../../mips64el-linux-android/bin/]
  ignore line: [LIBRARY_PATH=/home/maghob/Android/Sdk/ndk-bundle/toolchains/mips64el-linux-android-4.9/prebuilt/linux-x86_64/bin/../lib/gcc/mips64el-linux-android/4.9.x/32/mips-r1/:/home/maghob/Android/Sdk/ndk-bundle/toolchains/mips64el-linux-android-4.9/prebuilt/linux-x86_64/bin/../lib/gcc/mips64el-linux-android/4.9.x/../../../../mips64el-linux-android/lib/../lib/../lib/:/home/maghob/Android/Sdk/ndk-bundle/platforms/android-15/arch-mips/usr/lib64/../lib/../lib/:/home/maghob/Android/Sdk/ndk-bundle/toolchains/mips64el-linux-android-4.9/prebuilt/linux-x86_64/bin/../lib/gcc/mips64el-linux-android/4.9.x/:/home/maghob/Android/Sdk/ndk-bundle/toolchains/mips64el-linux-android-4.9/prebuilt/linux-x86_64/bin/../lib/gcc/:/home/maghob/Android/Sdk/ndk-bundle/toolchains/mips64el-linux-android-4.9/prebuilt/linux-x86_64/bin/../lib/gcc/mips64el-linux-android/4.9.x/../../../../mips64el-linux-android/lib/:/home/maghob/Android/Sdk/ndk-bundle/platforms/android-15/arch-mips/usr/lib64/]
  ignore line: [COLLECT_GCC_OPTIONS='-isystem' '/home/maghob/Android/Sdk/ndk-bundle/sysroot/usr/include/mipsel-linux-android' '-D' '__ANDROID_API__=15' '-g' '-D' 'ANDROID' '-ffunction-sections' '-funwind-tables' '-fstack-protector-strong' '-mips32' '-Wformat=1' '-Werror=format-security' '-v' '-o' 'cmTC_60785' '-mllsc' '-mno-synci' '-mabi=32' '-mfpxx' '-EL']
  link line: [ /home/maghob/Android/Sdk/ndk-bundle/toolchains/mips64el-linux-android-4.9/prebuilt/linux-x86_64/bin/../libexec/gcc/mips64el-linux-android/4.9.x/collect2 -plugin /home/maghob/Android/Sdk/ndk-bundle/toolchains/mips64el-linux-android-4.9/prebuilt/linux-x86_64/bin/../libexec/gcc/mips64el-linux-android/4.9.x/liblto_plugin.so -plugin-opt=/home/maghob/Android/Sdk/ndk-bundle/toolchains/mips64el-linux-android-4.9/prebuilt/linux-x86_64/bin/../libexec/gcc/mips64el-linux-android/4.9.x/lto-wrapper -plugin-opt=-fresolution=/tmp/ccUwVvWp.res -plugin-opt=-pass-through=-lgcc -plugin-opt=-pass-through=-lc -plugin-opt=-pass-through=-ldl -plugin-opt=-pass-through=-lgcc --sysroot=/home/maghob/Android/Sdk/ndk-bundle/platforms/android-15/arch-mips --eh-frame-hdr -EL -mips32 -dynamic-linker /system/bin/linker -melf32ltsmip -z noexecstack -z relro -z now -o cmTC_60785 /home/maghob/Android/Sdk/ndk-bundle/platforms/android-15/arch-mips/usr/lib64/../lib/../lib/crtbegin_dynamic.o -L/home/maghob/Android/Sdk/ndk-bundle/toolchains/mips64el-linux-android-4.9/prebuilt/linux-x86_64/bin/../lib/gcc/mips64el-linux-android/4.9.x/32/mips-r1 -L/home/maghob/Android/Sdk/ndk-bundle/toolchains/mips64el-linux-android-4.9/prebuilt/linux-x86_64/bin/../lib/gcc/mips64el-linux-android/4.9.x/../../../../mips64el-linux-android/lib/../lib/../lib -L/home/maghob/Android/Sdk/ndk-bundle/platforms/android-15/arch-mips/usr/lib64/../lib/../lib -L/home/maghob/Android/Sdk/ndk-bundle/toolchains/mips64el-linux-android-4.9/prebuilt/linux-x86_64/bin/../lib/gcc/mips64el-linux-android/4.9.x -L/home/maghob/Android/Sdk/ndk-bundle/toolchains/mips64el-linux-android-4.9/prebuilt/linux-x86_64/bin/../lib/gcc -L/home/maghob/Android/Sdk/ndk-bundle/toolchains/mips64el-linux-android-4.9/prebuilt/linux-x86_64/bin/../lib/gcc/mips64el-linux-android/4.9.x/../../../../mips64el-linux-android/lib -L/home/maghob/Android/Sdk/ndk-bundle/platforms/android-15/arch-mips/usr/lib64 --exclude-libs libgcc.a --build-id --warn-shared-textrel --fatal-warnings --no-undefined -z noexecstack -z relro -z now --gc-sections -z nocopyreloc CMakeFiles/cmTC_60785.dir/CMakeCXXCompilerABI.cpp.o -lstdc++ -lm -lgcc -lc -ldl -lgcc /home/maghob/Android/Sdk/ndk-bundle/platforms/android-15/arch-mips/usr/lib64/../lib/../lib/crtend_android.o]
    arg [/home/maghob/Android/Sdk/ndk-bundle/toolchains/mips64el-linux-android-4.9/prebuilt/linux-x86_64/bin/../libexec/gcc/mips64el-linux-android/4.9.x/collect2] ==> ignore
    arg [-plugin] ==> ignore
    arg [/home/maghob/Android/Sdk/ndk-bundle/toolchains/mips64el-linux-android-4.9/prebuilt/linux-x86_64/bin/../libexec/gcc/mips64el-linux-android/4.9.x/liblto_plugin.so] ==> ignore
    arg [-plugin-opt=/home/maghob/Android/Sdk/ndk-bundle/toolchains/mips64el-linux-android-4.9/prebuilt/linux-x86_64/bin/../libexec/gcc/mips64el-linux-android/4.9.x/lto-wrapper] ==> ignore
    arg [-plugin-opt=-fresolution=/tmp/ccUwVvWp.res] ==> ignore
    arg [-plugin-opt=-pass-through=-lgcc] ==> ignore
    arg [-plugin-opt=-pass-through=-lc] ==> ignore
    arg [-plugin-opt=-pass-through=-ldl] ==> ignore
    arg [-plugin-opt=-pass-through=-lgcc] ==> ignore
    arg [--sysroot=/home/maghob/Android/Sdk/ndk-bundle/platforms/android-15/arch-mips] ==> ignore
    arg [--eh-frame-hdr] ==> ignore
    arg [-EL] ==> ignore
    arg [-mips32] ==> ignore
    arg [-dynamic-linker] ==> ignore
    arg [/system/bin/linker] ==> ignore
    arg [-melf32ltsmip] ==> ignore
    arg [-znoexecstack] ==> ignore
    arg [-zrelro] ==> ignore
    arg [-znow] ==> ignore
    arg [-o] ==> ignore
    arg [cmTC_60785] ==> ignore
    arg [/home/maghob/Android/Sdk/ndk-bundle/platforms/android-15/arch-mips/usr/lib64/../lib/../lib/crtbegin_dynamic.o] ==> ignore
    arg [-L/home/maghob/Android/Sdk/ndk-bundle/toolchains/mips64el-linux-android-4.9/prebuilt/linux-x86_64/bin/../lib/gcc/mips64el-linux-android/4.9.x/32/mips-r1] ==> dir [/home/maghob/Android/Sdk/ndk-bundle/toolchains/mips64el-linux-android-4.9/prebuilt/linux-x86_64/bin/../lib/gcc/mips64el-linux-android/4.9.x/32/mips-r1]
    arg [-L/home/maghob/Android/Sdk/ndk-bundle/toolchains/mips64el-linux-android-4.9/prebuilt/linux-x86_64/bin/../lib/gcc/mips64el-linux-android/4.9.x/../../../../mips64el-linux-android/lib/../lib/../lib] ==> dir [/home/maghob/Android/Sdk/ndk-bundle/toolchains/mips64el-linux-android-4.9/prebuilt/linux-x86_64/bin/../lib/gcc/mips64el-linux-android/4.9.x/../../../../mips64el-linux-android/lib/../lib/../lib]
    arg [-L/home/maghob/Android/Sdk/ndk-bundle/platforms/android-15/arch-mips/usr/lib64/../lib/../lib] ==> dir [/home/maghob/Android/Sdk/ndk-bundle/platforms/android-15/arch-mips/usr/lib64/../lib/../lib]
    arg [-L/home/maghob/Android/Sdk/ndk-bundle/toolchains/mips64el-linux-android-4.9/prebuilt/linux-x86_64/bin/../lib/gcc/mips64el-linux-android/4.9.x] ==> dir [/home/maghob/Android/Sdk/ndk-bundle/toolchains/mips64el-linux-android-4.9/prebuilt/linux-x86_64/bin/../lib/gcc/mips64el-linux-android/4.9.x]
    arg [-L/home/maghob/Android/Sdk/ndk-bundle/toolchains/mips64el-linux-android-4.9/prebuilt/linux-x86_64/bin/../lib/gcc] ==> dir [/home/maghob/Android/Sdk/ndk-bundle/toolchains/mips64el-linux-android-4.9/prebuilt/linux-x86_64/bin/../lib/gcc]
    arg [-L/home/maghob/Android/Sdk/ndk-bundle/toolchains/mips64el-linux-android-4.9/prebuilt/linux-x86_64/bin/../lib/gcc/mips64el-linux-android/4.9.x/../../../../mips64el-linux-android/lib] ==> dir [/home/maghob/Android/Sdk/ndk-bundle/toolchains/mips64el-linux-android-4.9/prebuilt/linux-x86_64/bin/../lib/gcc/mips64el-linux-android/4.9.x/../../../../mips64el-linux-android/lib]
    arg [-L/home/maghob/Android/Sdk/ndk-bundle/platforms/android-15/arch-mips/usr/lib64] ==> dir [/home/maghob/Android/Sdk/ndk-bundle/platforms/android-15/arch-mips/usr/lib64]
    arg [--exclude-libs] ==> ignore
    arg [libgcc.a] ==> ignore
    arg [--build-id] ==> ignore
    arg [--warn-shared-textrel] ==> ignore
    arg [--fatal-warnings] ==> ignore
    arg [--no-undefined] ==> ignore
    arg [-znoexecstack] ==> ignore
    arg [-zrelro] ==> ignore
    arg [-znow] ==> ignore
    arg [--gc-sections] ==> ignore
    arg [-znocopyreloc] ==> ignore
    arg [CMakeFiles/cmTC_60785.dir/CMakeCXXCompilerABI.cpp.o] ==> ignore
    arg [-lstdc++] ==> lib [stdc++]
    arg [-lm] ==> lib [m]
    arg [-lgcc] ==> lib [gcc]
    arg [-lc] ==> lib [c]
    arg [-ldl] ==> lib [dl]
    arg [-lgcc] ==> lib [gcc]
    arg [/home/maghob/Android/Sdk/ndk-bundle/platforms/android-15/arch-mips/usr/lib64/../lib/../lib/crtend_android.o] ==> ignore
  remove lib [gcc]
  remove lib [gcc]
  collapse library dir [/home/maghob/Android/Sdk/ndk-bundle/toolchains/mips64el-linux-android-4.9/prebuilt/linux-x86_64/bin/../lib/gcc/mips64el-linux-android/4.9.x/32/mips-r1] ==> [/home/maghob/Android/Sdk/ndk-bundle/toolchains/mips64el-linux-android-4.9/prebuilt/linux-x86_64/lib/gcc/mips64el-linux-android/4.9.x/32/mips-r1]
  collapse library dir [/home/maghob/Android/Sdk/ndk-bundle/toolchains/mips64el-linux-android-4.9/prebuilt/linux-x86_64/bin/../lib/gcc/mips64el-linux-android/4.9.x/../../../../mips64el-linux-android/lib/../lib/../lib] ==> [/home/maghob/Android/Sdk/ndk-bundle/toolchains/mips64el-linux-android-4.9/prebuilt/linux-x86_64/mips64el-linux-android/lib]
  collapse library dir [/home/maghob/Android/Sdk/ndk-bundle/platforms/android-15/arch-mips/usr/lib64/../lib/../lib] ==> [/home/maghob/Android/Sdk/ndk-bundle/platforms/android-15/arch-mips/usr/lib]
  collapse library dir [/home/maghob/Android/Sdk/ndk-bundle/toolchains/mips64el-linux-android-4.9/prebuilt/linux-x86_64/bin/../lib/gcc/mips64el-linux-android/4.9.x] ==> [/home/maghob/Android/Sdk/ndk-bundle/toolchains/mips64el-linux-android-4.9/prebuilt/linux-x86_64/lib/gcc/mips64el-linux-android/4.9.x]
  collapse library dir [/home/maghob/Android/Sdk/ndk-bundle/toolchains/mips64el-linux-android-4.9/prebuilt/linux-x86_64/bin/../lib/gcc] ==> [/home/maghob/Android/Sdk/ndk-bundle/toolchains/mips64el-linux-android-4.9/prebuilt/linux-x86_64/lib/gcc]
  collapse library dir [/home/maghob/Android/Sdk/ndk-bundle/toolchains/mips64el-linux-android-4.9/prebuilt/linux-x86_64/bin/../lib/gcc/mips64el-linux-android/4.9.x/../../../../mips64el-linux-android/lib] ==> [/home/maghob/Android/Sdk/ndk-bundle/toolchains/mips64el-linux-android-4.9/prebuilt/linux-x86_64/mips64el-linux-android/lib]
  collapse library dir [/home/maghob/Android/Sdk/ndk-bundle/platforms/android-15/arch-mips/usr/lib64] ==> [/home/maghob/Android/Sdk/ndk-bundle/platforms/android-15/arch-mips/usr/lib64]
  implicit libs: [stdc++;m;c;dl]
  implicit dirs: [/home/maghob/Android/Sdk/ndk-bundle/toolchains/mips64el-linux-android-4.9/prebuilt/linux-x86_64/lib/gcc/mips64el-linux-android/4.9.x/32/mips-r1;/home/maghob/Android/Sdk/ndk-bundle/toolchains/mips64el-linux-android-4.9/prebuilt/linux-x86_64/mips64el-linux-android/lib;/home/maghob/Android/Sdk/ndk-bundle/platforms/android-15/arch-mips/usr/lib;/home/maghob/Android/Sdk/ndk-bundle/toolchains/mips64el-linux-android-4.9/prebuilt/linux-x86_64/lib/gcc/mips64el-linux-android/4.9.x;/home/maghob/Android/Sdk/ndk-bundle/toolchains/mips64el-linux-android-4.9/prebuilt/linux-x86_64/lib/gcc;/home/maghob/Android/Sdk/ndk-bundle/platforms/android-15/arch-mips/usr/lib64]
  implicit fwks: []




Detecting CXX [-std=c++14] compiler features compiled with the following output:
Change Dir: /home/maghob/root/android_cartographer/app/.externalNativeBuild/cmake/release/mips/CMakeFiles/CMakeTmp

Run Build Command:"/home/maghob/Android/Sdk/cmake/3.6.4111459/bin/ninja" "cmTC_67206"
[1/2] Building CXX object CMakeFiles/cmTC_67206.dir/feature_tests.cxx.o
[2/2] Linking CXX executable cmTC_67206


    Feature record: CXX_FEATURE:0cxx_aggregate_default_initializers
    Feature record: CXX_FEATURE:1cxx_alias_templates
    Feature record: CXX_FEATURE:1cxx_alignas
    Feature record: CXX_FEATURE:1cxx_alignof
    Feature record: CXX_FEATURE:1cxx_attributes
    Feature record: CXX_FEATURE:1cxx_attribute_deprecated
    Feature record: CXX_FEATURE:1cxx_auto_type
    Feature record: CXX_FEATURE:1cxx_binary_literals
    Feature record: CXX_FEATURE:1cxx_constexpr
    Feature record: CXX_FEATURE:1cxx_contextual_conversions
    Feature record: CXX_FEATURE:1cxx_decltype
    Feature record: CXX_FEATURE:1cxx_decltype_auto
    Feature record: CXX_FEATURE:1cxx_decltype_incomplete_return_types
    Feature record: CXX_FEATURE:1cxx_default_function_template_args
    Feature record: CXX_FEATURE:1cxx_defaulted_functions
    Feature record: CXX_FEATURE:1cxx_defaulted_move_initializers
    Feature record: CXX_FEATURE:1cxx_delegating_constructors
    Feature record: CXX_FEATURE:1cxx_deleted_functions
    Feature record: CXX_FEATURE:1cxx_digit_separators
    Feature record: CXX_FEATURE:1cxx_enum_forward_declarations
    Feature record: CXX_FEATURE:1cxx_explicit_conversions
    Feature record: CXX_FEATURE:1cxx_extended_friend_declarations
    Feature record: CXX_FEATURE:1cxx_extern_templates
    Feature record: CXX_FEATURE:1cxx_final
    Feature record: CXX_FEATURE:1cxx_func_identifier
    Feature record: CXX_FEATURE:1cxx_generalized_initializers
    Feature record: CXX_FEATURE:1cxx_generic_lambdas
    Feature record: CXX_FEATURE:1cxx_inheriting_constructors
    Feature record: CXX_FEATURE:1cxx_inline_namespaces
    Feature record: CXX_FEATURE:1cxx_lambdas
    Feature record: CXX_FEATURE:1cxx_lambda_init_captures
    Feature record: CXX_FEATURE:1cxx_local_type_template_args
    Feature record: CXX_FEATURE:1cxx_long_long_type
    Feature record: CXX_FEATURE:1cxx_noexcept
    Feature record: CXX_FEATURE:1cxx_nonstatic_member_init
    Feature record: CXX_FEATURE:1cxx_nullptr
    Feature record: CXX_FEATURE:1cxx_override
    Feature record: CXX_FEATURE:1cxx_range_for
    Feature record: CXX_FEATURE:1cxx_raw_string_literals
    Feature record: CXX_FEATURE:1cxx_reference_qualified_functions
    Feature record: CXX_FEATURE:0cxx_relaxed_constexpr
    Feature record: CXX_FEATURE:1cxx_return_type_deduction
    Feature record: CXX_FEATURE:1cxx_right_angle_brackets
    Feature record: CXX_FEATURE:1cxx_rvalue_references
    Feature record: CXX_FEATURE:1cxx_sizeof_member
    Feature record: CXX_FEATURE:1cxx_static_assert
    Feature record: CXX_FEATURE:1cxx_strong_enums
    Feature record: CXX_FEATURE:1cxx_template_template_parameters
    Feature record: CXX_FEATURE:1cxx_thread_local
    Feature record: CXX_FEATURE:1cxx_trailing_return_types
    Feature record: CXX_FEATURE:1cxx_unicode_literals
    Feature record: CXX_FEATURE:1cxx_uniform_initialization
    Feature record: CXX_FEATURE:1cxx_unrestricted_unions
    Feature record: CXX_FEATURE:1cxx_user_literals
    Feature record: CXX_FEATURE:0cxx_variable_templates
    Feature record: CXX_FEATURE:1cxx_variadic_macros
    Feature record: CXX_FEATURE:1cxx_variadic_templates


Detecting CXX [-std=c++11] compiler features compiled with the following output:
Change Dir: /home/maghob/root/android_cartographer/app/.externalNativeBuild/cmake/release/mips/CMakeFiles/CMakeTmp

Run Build Command:"/home/maghob/Android/Sdk/cmake/3.6.4111459/bin/ninja" "cmTC_86ed0"
[1/2] Building CXX object CMakeFiles/cmTC_86ed0.dir/feature_tests.cxx.o
[2/2] Linking CXX executable cmTC_86ed0


    Feature record: CXX_FEATURE:0cxx_aggregate_default_initializers
    Feature record: CXX_FEATURE:1cxx_alias_templates
    Feature record: CXX_FEATURE:1cxx_alignas
    Feature record: CXX_FEATURE:1cxx_alignof
    Feature record: CXX_FEATURE:1cxx_attributes
    Feature record: CXX_FEATURE:0cxx_attribute_deprecated
    Feature record: CXX_FEATURE:1cxx_auto_type
    Feature record: CXX_FEATURE:0cxx_binary_literals
    Feature record: CXX_FEATURE:1cxx_constexpr
    Feature record: CXX_FEATURE:0cxx_contextual_conversions
    Feature record: CXX_FEATURE:1cxx_decltype
    Feature record: CXX_FEATURE:0cxx_decltype_auto
    Feature record: CXX_FEATURE:1cxx_decltype_incomplete_return_types
    Feature record: CXX_FEATURE:1cxx_default_function_template_args
    Feature record: CXX_FEATURE:1cxx_defaulted_functions
    Feature record: CXX_FEATURE:1cxx_defaulted_move_initializers
    Feature record: CXX_FEATURE:1cxx_delegating_constructors
    Feature record: CXX_FEATURE:1cxx_deleted_functions
    Feature record: CXX_FEATURE:0cxx_digit_separators
    Feature record: CXX_FEATURE:1cxx_enum_forward_declarations
    Feature record: CXX_FEATURE:1cxx_explicit_conversions
    Feature record: CXX_FEATURE:1cxx_extended_friend_declarations
    Feature record: CXX_FEATURE:1cxx_extern_templates
    Feature record: CXX_FEATURE:1cxx_final
    Feature record: CXX_FEATURE:1cxx_func_identifier
    Feature record: CXX_FEATURE:1cxx_generalized_initializers
    Feature record: CXX_FEATURE:0cxx_generic_lambdas
    Feature record: CXX_FEATURE:1cxx_inheriting_constructors
    Feature record: CXX_FEATURE:1cxx_inline_namespaces
    Feature record: CXX_FEATURE:1cxx_lambdas
    Feature record: CXX_FEATURE:0cxx_lambda_init_captures
    Feature record: CXX_FEATURE:1cxx_local_type_template_args
    Feature record: CXX_FEATURE:1cxx_long_long_type
    Feature record: CXX_FEATURE:1cxx_noexcept
    Feature record: CXX_FEATURE:1cxx_nonstatic_member_init
    Feature record: CXX_FEATURE:1cxx_nullptr
    Feature record: CXX_FEATURE:1cxx_override
    Feature record: CXX_FEATURE:1cxx_range_for
    Feature record: CXX_FEATURE:1cxx_raw_string_literals
    Feature record: CXX_FEATURE:1cxx_reference_qualified_functions
    Feature record: CXX_FEATURE:0cxx_relaxed_constexpr
    Feature record: CXX_FEATURE:0cxx_return_type_deduction
    Feature record: CXX_FEATURE:1cxx_right_angle_brackets
    Feature record: CXX_FEATURE:1cxx_rvalue_references
    Feature record: CXX_FEATURE:1cxx_sizeof_member
    Feature record: CXX_FEATURE:1cxx_static_assert
    Feature record: CXX_FEATURE:1cxx_strong_enums
    Feature record: CXX_FEATURE:1cxx_template_template_parameters
    Feature record: CXX_FEATURE:1cxx_thread_local
    Feature record: CXX_FEATURE:1cxx_trailing_return_types
    Feature record: CXX_FEATURE:1cxx_unicode_literals
    Feature record: CXX_FEATURE:1cxx_uniform_initialization
    Feature record: CXX_FEATURE:1cxx_unrestricted_unions
    Feature record: CXX_FEATURE:1cxx_user_literals
    Feature record: CXX_FEATURE:0cxx_variable_templates
    Feature record: CXX_FEATURE:1cxx_variadic_macros
    Feature record: CXX_FEATURE:1cxx_variadic_templates


Detecting CXX [-std=c++98] compiler features compiled with the following output:
Change Dir: /home/maghob/root/android_cartographer/app/.externalNativeBuild/cmake/release/mips/CMakeFiles/CMakeTmp

Run Build Command:"/home/maghob/Android/Sdk/cmake/3.6.4111459/bin/ninja" "cmTC_132fd"
[1/2] Building CXX object CMakeFiles/cmTC_132fd.dir/feature_tests.cxx.o
[2/2] Linking CXX executable cmTC_132fd


    Feature record: CXX_FEATURE:0cxx_aggregate_default_initializers
    Feature record: CXX_FEATURE:0cxx_alias_templates
    Feature record: CXX_FEATURE:0cxx_alignas
    Feature record: CXX_FEATURE:0cxx_alignof
    Feature record: CXX_FEATURE:0cxx_attributes
    Feature record: CXX_FEATURE:0cxx_attribute_deprecated
    Feature record: CXX_FEATURE:0cxx_auto_type
    Feature record: CXX_FEATURE:0cxx_binary_literals
    Feature record: CXX_FEATURE:0cxx_constexpr
    Feature record: CXX_FEATURE:0cxx_contextual_conversions
    Feature record: CXX_FEATURE:0cxx_decltype
    Feature record: CXX_FEATURE:0cxx_decltype_auto
    Feature record: CXX_FEATURE:0cxx_decltype_incomplete_return_types
    Feature record: CXX_FEATURE:0cxx_default_function_template_args
    Feature record: CXX_FEATURE:0cxx_defaulted_functions
    Feature record: CXX_FEATURE:0cxx_defaulted_move_initializers
    Feature record: CXX_FEATURE:0cxx_delegating_constructors
    Feature record: CXX_FEATURE:0cxx_deleted_functions
    Feature record: CXX_FEATURE:0cxx_digit_separators
    Feature record: CXX_FEATURE:0cxx_enum_forward_declarations
    Feature record: CXX_FEATURE:0cxx_explicit_conversions
    Feature record: CXX_FEATURE:0cxx_extended_friend_declarations
    Feature record: CXX_FEATURE:0cxx_extern_templates
    Feature record: CXX_FEATURE:0cxx_final
    Feature record: CXX_FEATURE:0cxx_func_identifier
    Feature record: CXX_FEATURE:0cxx_generalized_initializers
    Feature record: CXX_FEATURE:0cxx_generic_lambdas
    Feature record: CXX_FEATURE:0cxx_inheriting_constructors
    Feature record: CXX_FEATURE:0cxx_inline_namespaces
    Feature record: CXX_FEATURE:0cxx_lambdas
    Feature record: CXX_FEATURE:0cxx_lambda_init_captures
    Feature record: CXX_FEATURE:0cxx_local_type_template_args
    Feature record: CXX_FEATURE:0cxx_long_long_type
    Feature record: CXX_FEATURE:0cxx_noexcept
    Feature record: CXX_FEATURE:0cxx_nonstatic_member_init
    Feature record: CXX_FEATURE:0cxx_nullptr
    Feature record: CXX_FEATURE:0cxx_override
    Feature record: CXX_FEATURE:0cxx_range_for
    Feature record: CXX_FEATURE:0cxx_raw_string_literals
    Feature record: CXX_FEATURE:0cxx_reference_qualified_functions
    Feature record: CXX_FEATURE:0cxx_relaxed_constexpr
    Feature record: CXX_FEATURE:0cxx_return_type_deduction
    Feature record: CXX_FEATURE:0cxx_right_angle_brackets
    Feature record: CXX_FEATURE:0cxx_rvalue_references
    Feature record: CXX_FEATURE:0cxx_sizeof_member
    Feature record: CXX_FEATURE:0cxx_static_assert
    Feature record: CXX_FEATURE:0cxx_strong_enums
    Feature record: CXX_FEATURE:1cxx_template_template_parameters
    Feature record: CXX_FEATURE:0cxx_thread_local
    Feature record: CXX_FEATURE:0cxx_trailing_return_types
    Feature record: CXX_FEATURE:0cxx_unicode_literals
    Feature record: CXX_FEATURE:0cxx_uniform_initialization
    Feature record: CXX_FEATURE:0cxx_unrestricted_unions
    Feature record: CXX_FEATURE:0cxx_user_literals
    Feature record: CXX_FEATURE:0cxx_variable_templates
    Feature record: CXX_FEATURE:0cxx_variadic_macros
    Feature record: CXX_FEATURE:0cxx_variadic_templates
