The target system is: Android - 15 - i686
The host system is: Linux - 4.4.0-78-generic - x86_64
Compiling the C compiler identification source file "CMakeCCompilerId.c" succeeded.
Compiler: /home/maghob/Android/Sdk/ndk-bundle/toolchains/x86-4.9/prebuilt/linux-x86_64/bin/i686-linux-android-gcc 
Build flags: -isystem;/home/maghob/Android/Sdk/ndk-bundle/sysroot/usr/include/i686-linux-android;-D__ANDROID_API__=15;-g;-DANDROID;-ffunction-sections;-funwind-tables;-fstack-protector-strong;-no-canonical-prefixes;-mstackrealign;-Wa,--noexecstack;-Wformat;-Werror=format-security;
Id flags: -c

The output was:
0


Compilation of the C compiler identification source "CMakeCCompilerId.c" produced "CMakeCCompilerId.o"

The C compiler identification is GNU, found in "/home/maghob/root/android_cartographer/app/.externalNativeBuild/cmake/release/x86/CMakeFiles/3.6.0-rc2/CompilerIdC/CMakeCCompilerId.o"

Compiling the CXX compiler identification source file "CMakeCXXCompilerId.cpp" succeeded.
Compiler: /home/maghob/Android/Sdk/ndk-bundle/toolchains/x86-4.9/prebuilt/linux-x86_64/bin/i686-linux-android-g++ 
Build flags: -isystem;/home/maghob/Android/Sdk/ndk-bundle/sysroot/usr/include/i686-linux-android;-D__ANDROID_API__=15;-g;-DANDROID;-ffunction-sections;-funwind-tables;-fstack-protector-strong;-no-canonical-prefixes;-mstackrealign;-Wa,--noexecstack;-Wformat;-Werror=format-security;;
Id flags: -c

The output was:
0


Compilation of the CXX compiler identification source "CMakeCXXCompilerId.cpp" produced "CMakeCXXCompilerId.o"

The CXX compiler identification is GNU, found in "/home/maghob/root/android_cartographer/app/.externalNativeBuild/cmake/release/x86/CMakeFiles/3.6.0-rc2/CompilerIdCXX/CMakeCXXCompilerId.o"

Determining if the C compiler works passed with the following output:
Change Dir: /home/maghob/root/android_cartographer/app/.externalNativeBuild/cmake/release/x86/CMakeFiles/CMakeTmp

Run Build Command:"/home/maghob/Android/Sdk/cmake/3.6.4111459/bin/ninja" "cmTC_1d477"
[1/2] Building C object CMakeFiles/cmTC_1d477.dir/testCCompiler.c.o
[2/2] Linking C executable cmTC_1d477


Detecting C compiler ABI info compiled with the following output:
Change Dir: /home/maghob/root/android_cartographer/app/.externalNativeBuild/cmake/release/x86/CMakeFiles/CMakeTmp

Run Build Command:"/home/maghob/Android/Sdk/cmake/3.6.4111459/bin/ninja" "cmTC_4a49c"
[1/2] Building C object CMakeFiles/cmTC_4a49c.dir/CMakeCCompilerABI.c.o
[2/2] Linking C executable cmTC_4a49c
Using built-in specs.
COLLECT_GCC=/home/maghob/Android/Sdk/ndk-bundle/toolchains/x86-4.9/prebuilt/linux-x86_64/bin/i686-linux-android-gcc
COLLECT_LTO_WRAPPER=/home/maghob/Android/Sdk/ndk-bundle/toolchains/x86-4.9/prebuilt/linux-x86_64/bin/../libexec/gcc/i686-linux-android/4.9.x/lto-wrapper
Target: i686-linux-android
Configured with: /usr/local/google/buildbot/src/android/gcc/toolchain/build/../gcc/gcc-4.9/configure --prefix=/tmp/f41bed50092f7cd0ad4af2b741f2d34a --target=i686-linux-android --host=x86_64-linux-gnu --build=x86_64-linux-gnu --with-gnu-as --with-gnu-ld --enable-languages=c,c++ --with-gmp=/buildbot/tmp/build/toolchain/temp-install --with-mpfr=/buildbot/tmp/build/toolchain/temp-install --with-mpc=/buildbot/tmp/build/toolchain/temp-install --with-cloog=/buildbot/tmp/build/toolchain/temp-install --with-isl=/buildbot/tmp/build/toolchain/temp-install --with-ppl=/buildbot/tmp/build/toolchain/temp-install --disable-ppl-version-check --disable-cloog-version-check --disable-isl-version-check --enable-cloog-backend=isl --with-host-libstdcxx='-static-libgcc -Wl,-Bstatic,-lstdc++,-Bdynamic -lm' --disable-libssp --enable-threads --disable-nls --disable-libmudflap --disable-libgomp --disable-libstdc__-v3 --disable-sjlj-exceptions --disable-shared --disable-tls --disable-libitm --with-arch=i686 --with-tune=intel --with-fpmath=sse --enable-bionic-libs --enable-libatomic-ifuncs=no --enable-initfini-array --disable-nls --prefix=/tmp/f41bed50092f7cd0ad4af2b741f2d34a --with-sysroot=/tmp/f41bed50092f7cd0ad4af2b741f2d34a/sysroot --with-binutils-version=2.25 --with-mpfr-version=3.1.1 --with-mpc-version=1.0.1 --with-gmp-version=5.0.5 --with-gcc-version=4.9 --with-gdb-version=none --with-gxx-include-dir=/tmp/f41bed50092f7cd0ad4af2b741f2d34a/include/c++/4.9.x --with-bugurl=http://source.android.com/source/report-bugs.html --enable-languages=c,c++ --disable-bootstrap --enable-plugins --enable-libgomp --enable-gnu-indirect-function --disable-libcilkrts --disable-libsanitizer --enable-gold --enable-threads --enable-eh-frame-hdr-for-static --enable-graphite=yes --with-isl-version=0.11.1 --with-cloog-version=0.18.0 --program-transform-name='s&^&i686-linux-android-&' --enable-gold=default
Thread model: posix
gcc version 4.9.x 20150123 (prerelease) (GCC) 
COMPILER_PATH=/home/maghob/Android/Sdk/ndk-bundle/toolchains/x86-4.9/prebuilt/linux-x86_64/bin/../libexec/gcc/i686-linux-android/4.9.x/:/home/maghob/Android/Sdk/ndk-bundle/toolchains/x86-4.9/prebuilt/linux-x86_64/bin/../libexec/gcc/:/home/maghob/Android/Sdk/ndk-bundle/toolchains/x86-4.9/prebuilt/linux-x86_64/bin/../lib/gcc/i686-linux-android/4.9.x/../../../../i686-linux-android/bin/
LIBRARY_PATH=/home/maghob/Android/Sdk/ndk-bundle/toolchains/x86-4.9/prebuilt/linux-x86_64/bin/../lib/gcc/i686-linux-android/4.9.x/:/home/maghob/Android/Sdk/ndk-bundle/toolchains/x86-4.9/prebuilt/linux-x86_64/bin/../lib/gcc/:/home/maghob/Android/Sdk/ndk-bundle/toolchains/x86-4.9/prebuilt/linux-x86_64/bin/../lib/gcc/i686-linux-android/4.9.x/../../../../i686-linux-android/lib/:/home/maghob/Android/Sdk/ndk-bundle/platforms/android-15/arch-x86/usr/lib/
COLLECT_GCC_OPTIONS='-isystem' '/home/maghob/Android/Sdk/ndk-bundle/sysroot/usr/include/i686-linux-android' '-D' '__ANDROID_API__=15' '-g' '-D' 'ANDROID' '-ffunction-sections' '-funwind-tables' '-fstack-protector-strong' '-mstackrealign' '-Wformat=1' '-Werror=format-security' '-v' '-o' 'cmTC_4a49c' '-mtune=intel' '-march=i686'
 /home/maghob/Android/Sdk/ndk-bundle/toolchains/x86-4.9/prebuilt/linux-x86_64/bin/../libexec/gcc/i686-linux-android/4.9.x/collect2 -plugin /home/maghob/Android/Sdk/ndk-bundle/toolchains/x86-4.9/prebuilt/linux-x86_64/bin/../libexec/gcc/i686-linux-android/4.9.x/liblto_plugin.so -plugin-opt=/home/maghob/Android/Sdk/ndk-bundle/toolchains/x86-4.9/prebuilt/linux-x86_64/bin/../libexec/gcc/i686-linux-android/4.9.x/lto-wrapper -plugin-opt=-fresolution=/tmp/ccjiAZLh.res -plugin-opt=-pass-through=-lgcc -plugin-opt=-pass-through=-lc -plugin-opt=-pass-through=-ldl -plugin-opt=-pass-through=-lgcc --sysroot=/home/maghob/Android/Sdk/ndk-bundle/platforms/android-15/arch-x86 --eh-frame-hdr -m elf_i386 -dynamic-linker /system/bin/linker -z noexecstack -z relro -z now -o cmTC_4a49c /home/maghob/Android/Sdk/ndk-bundle/platforms/android-15/arch-x86/usr/lib/crtbegin_dynamic.o -L/home/maghob/Android/Sdk/ndk-bundle/toolchains/x86-4.9/prebuilt/linux-x86_64/bin/../lib/gcc/i686-linux-android/4.9.x -L/home/maghob/Android/Sdk/ndk-bundle/toolchains/x86-4.9/prebuilt/linux-x86_64/bin/../lib/gcc -L/home/maghob/Android/Sdk/ndk-bundle/toolchains/x86-4.9/prebuilt/linux-x86_64/bin/../lib/gcc/i686-linux-android/4.9.x/../../../../i686-linux-android/lib -L/home/maghob/Android/Sdk/ndk-bundle/platforms/android-15/arch-x86/usr/lib --exclude-libs libgcc.a --build-id --warn-shared-textrel --fatal-warnings --no-undefined -z noexecstack -z relro -z now --gc-sections -z nocopyreloc CMakeFiles/cmTC_4a49c.dir/CMakeCCompilerABI.c.o -lgcc -lc -ldl -lgcc /home/maghob/Android/Sdk/ndk-bundle/platforms/android-15/arch-x86/usr/lib/crtend_android.o


Parsed C implicit link information from above output:
  link line regex: [^( *|.*[/\])(i686-linux-android-ld|([^/\]+-)?ld|collect2)[^/\]*( |$)]
  ignore line: [Change Dir: /home/maghob/root/android_cartographer/app/.externalNativeBuild/cmake/release/x86/CMakeFiles/CMakeTmp]
  ignore line: []
  ignore line: [Run Build Command:"/home/maghob/Android/Sdk/cmake/3.6.4111459/bin/ninja" "cmTC_4a49c"]
  ignore line: [[1/2] Building C object CMakeFiles/cmTC_4a49c.dir/CMakeCCompilerABI.c.o]
  ignore line: [[2/2] Linking C executable cmTC_4a49c]
  ignore line: [Using built-in specs.]
  ignore line: [COLLECT_GCC=/home/maghob/Android/Sdk/ndk-bundle/toolchains/x86-4.9/prebuilt/linux-x86_64/bin/i686-linux-android-gcc]
  ignore line: [COLLECT_LTO_WRAPPER=/home/maghob/Android/Sdk/ndk-bundle/toolchains/x86-4.9/prebuilt/linux-x86_64/bin/../libexec/gcc/i686-linux-android/4.9.x/lto-wrapper]
  ignore line: [Target: i686-linux-android]
  ignore line: [Configured with: /usr/local/google/buildbot/src/android/gcc/toolchain/build/../gcc/gcc-4.9/configure --prefix=/tmp/f41bed50092f7cd0ad4af2b741f2d34a --target=i686-linux-android --host=x86_64-linux-gnu --build=x86_64-linux-gnu --with-gnu-as --with-gnu-ld --enable-languages=c,c++ --with-gmp=/buildbot/tmp/build/toolchain/temp-install --with-mpfr=/buildbot/tmp/build/toolchain/temp-install --with-mpc=/buildbot/tmp/build/toolchain/temp-install --with-cloog=/buildbot/tmp/build/toolchain/temp-install --with-isl=/buildbot/tmp/build/toolchain/temp-install --with-ppl=/buildbot/tmp/build/toolchain/temp-install --disable-ppl-version-check --disable-cloog-version-check --disable-isl-version-check --enable-cloog-backend=isl --with-host-libstdcxx='-static-libgcc -Wl,-Bstatic,-lstdc++,-Bdynamic -lm' --disable-libssp --enable-threads --disable-nls --disable-libmudflap --disable-libgomp --disable-libstdc__-v3 --disable-sjlj-exceptions --disable-shared --disable-tls --disable-libitm --with-arch=i686 --with-tune=intel --with-fpmath=sse --enable-bionic-libs --enable-libatomic-ifuncs=no --enable-initfini-array --disable-nls --prefix=/tmp/f41bed50092f7cd0ad4af2b741f2d34a --with-sysroot=/tmp/f41bed50092f7cd0ad4af2b741f2d34a/sysroot --with-binutils-version=2.25 --with-mpfr-version=3.1.1 --with-mpc-version=1.0.1 --with-gmp-version=5.0.5 --with-gcc-version=4.9 --with-gdb-version=none --with-gxx-include-dir=/tmp/f41bed50092f7cd0ad4af2b741f2d34a/include/c++/4.9.x --with-bugurl=http://source.android.com/source/report-bugs.html --enable-languages=c,c++ --disable-bootstrap --enable-plugins --enable-libgomp --enable-gnu-indirect-function --disable-libcilkrts --disable-libsanitizer --enable-gold --enable-threads --enable-eh-frame-hdr-for-static --enable-graphite=yes --with-isl-version=0.11.1 --with-cloog-version=0.18.0 --program-transform-name='s&^&i686-linux-android-&' --enable-gold=default]
  ignore line: [Thread model: posix]
  ignore line: [gcc version 4.9.x 20150123 (prerelease) (GCC) ]
  ignore line: [COMPILER_PATH=/home/maghob/Android/Sdk/ndk-bundle/toolchains/x86-4.9/prebuilt/linux-x86_64/bin/../libexec/gcc/i686-linux-android/4.9.x/:/home/maghob/Android/Sdk/ndk-bundle/toolchains/x86-4.9/prebuilt/linux-x86_64/bin/../libexec/gcc/:/home/maghob/Android/Sdk/ndk-bundle/toolchains/x86-4.9/prebuilt/linux-x86_64/bin/../lib/gcc/i686-linux-android/4.9.x/../../../../i686-linux-android/bin/]
  ignore line: [LIBRARY_PATH=/home/maghob/Android/Sdk/ndk-bundle/toolchains/x86-4.9/prebuilt/linux-x86_64/bin/../lib/gcc/i686-linux-android/4.9.x/:/home/maghob/Android/Sdk/ndk-bundle/toolchains/x86-4.9/prebuilt/linux-x86_64/bin/../lib/gcc/:/home/maghob/Android/Sdk/ndk-bundle/toolchains/x86-4.9/prebuilt/linux-x86_64/bin/../lib/gcc/i686-linux-android/4.9.x/../../../../i686-linux-android/lib/:/home/maghob/Android/Sdk/ndk-bundle/platforms/android-15/arch-x86/usr/lib/]
  ignore line: [COLLECT_GCC_OPTIONS='-isystem' '/home/maghob/Android/Sdk/ndk-bundle/sysroot/usr/include/i686-linux-android' '-D' '__ANDROID_API__=15' '-g' '-D' 'ANDROID' '-ffunction-sections' '-funwind-tables' '-fstack-protector-strong' '-mstackrealign' '-Wformat=1' '-Werror=format-security' '-v' '-o' 'cmTC_4a49c' '-mtune=intel' '-march=i686']
  link line: [ /home/maghob/Android/Sdk/ndk-bundle/toolchains/x86-4.9/prebuilt/linux-x86_64/bin/../libexec/gcc/i686-linux-android/4.9.x/collect2 -plugin /home/maghob/Android/Sdk/ndk-bundle/toolchains/x86-4.9/prebuilt/linux-x86_64/bin/../libexec/gcc/i686-linux-android/4.9.x/liblto_plugin.so -plugin-opt=/home/maghob/Android/Sdk/ndk-bundle/toolchains/x86-4.9/prebuilt/linux-x86_64/bin/../libexec/gcc/i686-linux-android/4.9.x/lto-wrapper -plugin-opt=-fresolution=/tmp/ccjiAZLh.res -plugin-opt=-pass-through=-lgcc -plugin-opt=-pass-through=-lc -plugin-opt=-pass-through=-ldl -plugin-opt=-pass-through=-lgcc --sysroot=/home/maghob/Android/Sdk/ndk-bundle/platforms/android-15/arch-x86 --eh-frame-hdr -m elf_i386 -dynamic-linker /system/bin/linker -z noexecstack -z relro -z now -o cmTC_4a49c /home/maghob/Android/Sdk/ndk-bundle/platforms/android-15/arch-x86/usr/lib/crtbegin_dynamic.o -L/home/maghob/Android/Sdk/ndk-bundle/toolchains/x86-4.9/prebuilt/linux-x86_64/bin/../lib/gcc/i686-linux-android/4.9.x -L/home/maghob/Android/Sdk/ndk-bundle/toolchains/x86-4.9/prebuilt/linux-x86_64/bin/../lib/gcc -L/home/maghob/Android/Sdk/ndk-bundle/toolchains/x86-4.9/prebuilt/linux-x86_64/bin/../lib/gcc/i686-linux-android/4.9.x/../../../../i686-linux-android/lib -L/home/maghob/Android/Sdk/ndk-bundle/platforms/android-15/arch-x86/usr/lib --exclude-libs libgcc.a --build-id --warn-shared-textrel --fatal-warnings --no-undefined -z noexecstack -z relro -z now --gc-sections -z nocopyreloc CMakeFiles/cmTC_4a49c.dir/CMakeCCompilerABI.c.o -lgcc -lc -ldl -lgcc /home/maghob/Android/Sdk/ndk-bundle/platforms/android-15/arch-x86/usr/lib/crtend_android.o]
    arg [/home/maghob/Android/Sdk/ndk-bundle/toolchains/x86-4.9/prebuilt/linux-x86_64/bin/../libexec/gcc/i686-linux-android/4.9.x/collect2] ==> ignore
    arg [-plugin] ==> ignore
    arg [/home/maghob/Android/Sdk/ndk-bundle/toolchains/x86-4.9/prebuilt/linux-x86_64/bin/../libexec/gcc/i686-linux-android/4.9.x/liblto_plugin.so] ==> ignore
    arg [-plugin-opt=/home/maghob/Android/Sdk/ndk-bundle/toolchains/x86-4.9/prebuilt/linux-x86_64/bin/../libexec/gcc/i686-linux-android/4.9.x/lto-wrapper] ==> ignore
    arg [-plugin-opt=-fresolution=/tmp/ccjiAZLh.res] ==> ignore
    arg [-plugin-opt=-pass-through=-lgcc] ==> ignore
    arg [-plugin-opt=-pass-through=-lc] ==> ignore
    arg [-plugin-opt=-pass-through=-ldl] ==> ignore
    arg [-plugin-opt=-pass-through=-lgcc] ==> ignore
    arg [--sysroot=/home/maghob/Android/Sdk/ndk-bundle/platforms/android-15/arch-x86] ==> ignore
    arg [--eh-frame-hdr] ==> ignore
    arg [-m] ==> ignore
    arg [elf_i386] ==> ignore
    arg [-dynamic-linker] ==> ignore
    arg [/system/bin/linker] ==> ignore
    arg [-znoexecstack] ==> ignore
    arg [-zrelro] ==> ignore
    arg [-znow] ==> ignore
    arg [-o] ==> ignore
    arg [cmTC_4a49c] ==> ignore
    arg [/home/maghob/Android/Sdk/ndk-bundle/platforms/android-15/arch-x86/usr/lib/crtbegin_dynamic.o] ==> ignore
    arg [-L/home/maghob/Android/Sdk/ndk-bundle/toolchains/x86-4.9/prebuilt/linux-x86_64/bin/../lib/gcc/i686-linux-android/4.9.x] ==> dir [/home/maghob/Android/Sdk/ndk-bundle/toolchains/x86-4.9/prebuilt/linux-x86_64/bin/../lib/gcc/i686-linux-android/4.9.x]
    arg [-L/home/maghob/Android/Sdk/ndk-bundle/toolchains/x86-4.9/prebuilt/linux-x86_64/bin/../lib/gcc] ==> dir [/home/maghob/Android/Sdk/ndk-bundle/toolchains/x86-4.9/prebuilt/linux-x86_64/bin/../lib/gcc]
    arg [-L/home/maghob/Android/Sdk/ndk-bundle/toolchains/x86-4.9/prebuilt/linux-x86_64/bin/../lib/gcc/i686-linux-android/4.9.x/../../../../i686-linux-android/lib] ==> dir [/home/maghob/Android/Sdk/ndk-bundle/toolchains/x86-4.9/prebuilt/linux-x86_64/bin/../lib/gcc/i686-linux-android/4.9.x/../../../../i686-linux-android/lib]
    arg [-L/home/maghob/Android/Sdk/ndk-bundle/platforms/android-15/arch-x86/usr/lib] ==> dir [/home/maghob/Android/Sdk/ndk-bundle/platforms/android-15/arch-x86/usr/lib]
    arg [--exclude-libs] ==> ignore
    arg [libgcc.a] ==> ignore
    arg [--build-id] ==> ignore
    arg [--warn-shared-textrel] ==> ignore
    arg [--fatal-warnings] ==> ignore
    arg [--no-undefined] ==> ignore
    arg [-znoexecstack] ==> ignore
    arg [-zrelro] ==> ignore
    arg [-znow] ==> ignore
    arg [--gc-sections] ==> ignore
    arg [-znocopyreloc] ==> ignore
    arg [CMakeFiles/cmTC_4a49c.dir/CMakeCCompilerABI.c.o] ==> ignore
    arg [-lgcc] ==> lib [gcc]
    arg [-lc] ==> lib [c]
    arg [-ldl] ==> lib [dl]
    arg [-lgcc] ==> lib [gcc]
    arg [/home/maghob/Android/Sdk/ndk-bundle/platforms/android-15/arch-x86/usr/lib/crtend_android.o] ==> ignore
  remove lib [gcc]
  remove lib [gcc]
  collapse library dir [/home/maghob/Android/Sdk/ndk-bundle/toolchains/x86-4.9/prebuilt/linux-x86_64/bin/../lib/gcc/i686-linux-android/4.9.x] ==> [/home/maghob/Android/Sdk/ndk-bundle/toolchains/x86-4.9/prebuilt/linux-x86_64/lib/gcc/i686-linux-android/4.9.x]
  collapse library dir [/home/maghob/Android/Sdk/ndk-bundle/toolchains/x86-4.9/prebuilt/linux-x86_64/bin/../lib/gcc] ==> [/home/maghob/Android/Sdk/ndk-bundle/toolchains/x86-4.9/prebuilt/linux-x86_64/lib/gcc]
  collapse library dir [/home/maghob/Android/Sdk/ndk-bundle/toolchains/x86-4.9/prebuilt/linux-x86_64/bin/../lib/gcc/i686-linux-android/4.9.x/../../../../i686-linux-android/lib] ==> [/home/maghob/Android/Sdk/ndk-bundle/toolchains/x86-4.9/prebuilt/linux-x86_64/i686-linux-android/lib]
  collapse library dir [/home/maghob/Android/Sdk/ndk-bundle/platforms/android-15/arch-x86/usr/lib] ==> [/home/maghob/Android/Sdk/ndk-bundle/platforms/android-15/arch-x86/usr/lib]
  implicit libs: [c;dl]
  implicit dirs: [/home/maghob/Android/Sdk/ndk-bundle/toolchains/x86-4.9/prebuilt/linux-x86_64/lib/gcc/i686-linux-android/4.9.x;/home/maghob/Android/Sdk/ndk-bundle/toolchains/x86-4.9/prebuilt/linux-x86_64/lib/gcc;/home/maghob/Android/Sdk/ndk-bundle/toolchains/x86-4.9/prebuilt/linux-x86_64/i686-linux-android/lib;/home/maghob/Android/Sdk/ndk-bundle/platforms/android-15/arch-x86/usr/lib]
  implicit fwks: []




Detecting C [-std=c11] compiler features compiled with the following output:
Change Dir: /home/maghob/root/android_cartographer/app/.externalNativeBuild/cmake/release/x86/CMakeFiles/CMakeTmp

Run Build Command:"/home/maghob/Android/Sdk/cmake/3.6.4111459/bin/ninja" "cmTC_e5601"
[1/2] Building C object CMakeFiles/cmTC_e5601.dir/feature_tests.c.o
[2/2] Linking C executable cmTC_e5601


    Feature record: C_FEATURE:1c_function_prototypes
    Feature record: C_FEATURE:1c_restrict
    Feature record: C_FEATURE:1c_static_assert
    Feature record: C_FEATURE:1c_variadic_macros


Detecting C [-std=c99] compiler features compiled with the following output:
Change Dir: /home/maghob/root/android_cartographer/app/.externalNativeBuild/cmake/release/x86/CMakeFiles/CMakeTmp

Run Build Command:"/home/maghob/Android/Sdk/cmake/3.6.4111459/bin/ninja" "cmTC_8e6d3"
[1/2] Building C object CMakeFiles/cmTC_8e6d3.dir/feature_tests.c.o
[2/2] Linking C executable cmTC_8e6d3


    Feature record: C_FEATURE:1c_function_prototypes
    Feature record: C_FEATURE:1c_restrict
    Feature record: C_FEATURE:0c_static_assert
    Feature record: C_FEATURE:1c_variadic_macros


Detecting C [-std=c90] compiler features compiled with the following output:
Change Dir: /home/maghob/root/android_cartographer/app/.externalNativeBuild/cmake/release/x86/CMakeFiles/CMakeTmp

Run Build Command:"/home/maghob/Android/Sdk/cmake/3.6.4111459/bin/ninja" "cmTC_7807f"
[1/2] Building C object CMakeFiles/cmTC_7807f.dir/feature_tests.c.o
[2/2] Linking C executable cmTC_7807f


    Feature record: C_FEATURE:1c_function_prototypes
    Feature record: C_FEATURE:0c_restrict
    Feature record: C_FEATURE:0c_static_assert
    Feature record: C_FEATURE:0c_variadic_macros
Determining if the CXX compiler works passed with the following output:
Change Dir: /home/maghob/root/android_cartographer/app/.externalNativeBuild/cmake/release/x86/CMakeFiles/CMakeTmp

Run Build Command:"/home/maghob/Android/Sdk/cmake/3.6.4111459/bin/ninja" "cmTC_c9ee2"
[1/2] Building CXX object CMakeFiles/cmTC_c9ee2.dir/testCXXCompiler.cxx.o
[2/2] Linking CXX executable cmTC_c9ee2


Detecting CXX compiler ABI info compiled with the following output:
Change Dir: /home/maghob/root/android_cartographer/app/.externalNativeBuild/cmake/release/x86/CMakeFiles/CMakeTmp

Run Build Command:"/home/maghob/Android/Sdk/cmake/3.6.4111459/bin/ninja" "cmTC_ab407"
[1/2] Building CXX object CMakeFiles/cmTC_ab407.dir/CMakeCXXCompilerABI.cpp.o
[2/2] Linking CXX executable cmTC_ab407
Using built-in specs.
COLLECT_GCC=/home/maghob/Android/Sdk/ndk-bundle/toolchains/x86-4.9/prebuilt/linux-x86_64/bin/i686-linux-android-g++
COLLECT_LTO_WRAPPER=/home/maghob/Android/Sdk/ndk-bundle/toolchains/x86-4.9/prebuilt/linux-x86_64/bin/../libexec/gcc/i686-linux-android/4.9.x/lto-wrapper
Target: i686-linux-android
Configured with: /usr/local/google/buildbot/src/android/gcc/toolchain/build/../gcc/gcc-4.9/configure --prefix=/tmp/f41bed50092f7cd0ad4af2b741f2d34a --target=i686-linux-android --host=x86_64-linux-gnu --build=x86_64-linux-gnu --with-gnu-as --with-gnu-ld --enable-languages=c,c++ --with-gmp=/buildbot/tmp/build/toolchain/temp-install --with-mpfr=/buildbot/tmp/build/toolchain/temp-install --with-mpc=/buildbot/tmp/build/toolchain/temp-install --with-cloog=/buildbot/tmp/build/toolchain/temp-install --with-isl=/buildbot/tmp/build/toolchain/temp-install --with-ppl=/buildbot/tmp/build/toolchain/temp-install --disable-ppl-version-check --disable-cloog-version-check --disable-isl-version-check --enable-cloog-backend=isl --with-host-libstdcxx='-static-libgcc -Wl,-Bstatic,-lstdc++,-Bdynamic -lm' --disable-libssp --enable-threads --disable-nls --disable-libmudflap --disable-libgomp --disable-libstdc__-v3 --disable-sjlj-exceptions --disable-shared --disable-tls --disable-libitm --with-arch=i686 --with-tune=intel --with-fpmath=sse --enable-bionic-libs --enable-libatomic-ifuncs=no --enable-initfini-array --disable-nls --prefix=/tmp/f41bed50092f7cd0ad4af2b741f2d34a --with-sysroot=/tmp/f41bed50092f7cd0ad4af2b741f2d34a/sysroot --with-binutils-version=2.25 --with-mpfr-version=3.1.1 --with-mpc-version=1.0.1 --with-gmp-version=5.0.5 --with-gcc-version=4.9 --with-gdb-version=none --with-gxx-include-dir=/tmp/f41bed50092f7cd0ad4af2b741f2d34a/include/c++/4.9.x --with-bugurl=http://source.android.com/source/report-bugs.html --enable-languages=c,c++ --disable-bootstrap --enable-plugins --enable-libgomp --enable-gnu-indirect-function --disable-libcilkrts --disable-libsanitizer --enable-gold --enable-threads --enable-eh-frame-hdr-for-static --enable-graphite=yes --with-isl-version=0.11.1 --with-cloog-version=0.18.0 --program-transform-name='s&^&i686-linux-android-&' --enable-gold=default
Thread model: posix
gcc version 4.9.x 20150123 (prerelease) (GCC) 
COMPILER_PATH=/home/maghob/Android/Sdk/ndk-bundle/toolchains/x86-4.9/prebuilt/linux-x86_64/bin/../libexec/gcc/i686-linux-android/4.9.x/:/home/maghob/Android/Sdk/ndk-bundle/toolchains/x86-4.9/prebuilt/linux-x86_64/bin/../libexec/gcc/:/home/maghob/Android/Sdk/ndk-bundle/toolchains/x86-4.9/prebuilt/linux-x86_64/bin/../lib/gcc/i686-linux-android/4.9.x/../../../../i686-linux-android/bin/
LIBRARY_PATH=/home/maghob/Android/Sdk/ndk-bundle/toolchains/x86-4.9/prebuilt/linux-x86_64/bin/../lib/gcc/i686-linux-android/4.9.x/:/home/maghob/Android/Sdk/ndk-bundle/toolchains/x86-4.9/prebuilt/linux-x86_64/bin/../lib/gcc/:/home/maghob/Android/Sdk/ndk-bundle/toolchains/x86-4.9/prebuilt/linux-x86_64/bin/../lib/gcc/i686-linux-android/4.9.x/../../../../i686-linux-android/lib/:/home/maghob/Android/Sdk/ndk-bundle/platforms/android-15/arch-x86/usr/lib/
COLLECT_GCC_OPTIONS='-isystem' '/home/maghob/Android/Sdk/ndk-bundle/sysroot/usr/include/i686-linux-android' '-D' '__ANDROID_API__=15' '-g' '-D' 'ANDROID' '-ffunction-sections' '-funwind-tables' '-fstack-protector-strong' '-mstackrealign' '-Wformat=1' '-Werror=format-security' '-v' '-o' 'cmTC_ab407' '-mtune=intel' '-march=i686'
 /home/maghob/Android/Sdk/ndk-bundle/toolchains/x86-4.9/prebuilt/linux-x86_64/bin/../libexec/gcc/i686-linux-android/4.9.x/collect2 -plugin /home/maghob/Android/Sdk/ndk-bundle/toolchains/x86-4.9/prebuilt/linux-x86_64/bin/../libexec/gcc/i686-linux-android/4.9.x/liblto_plugin.so -plugin-opt=/home/maghob/Android/Sdk/ndk-bundle/toolchains/x86-4.9/prebuilt/linux-x86_64/bin/../libexec/gcc/i686-linux-android/4.9.x/lto-wrapper -plugin-opt=-fresolution=/tmp/ccXaNLqr.res -plugin-opt=-pass-through=-lgcc -plugin-opt=-pass-through=-lc -plugin-opt=-pass-through=-ldl -plugin-opt=-pass-through=-lgcc --sysroot=/home/maghob/Android/Sdk/ndk-bundle/platforms/android-15/arch-x86 --eh-frame-hdr -m elf_i386 -dynamic-linker /system/bin/linker -z noexecstack -z relro -z now -o cmTC_ab407 /home/maghob/Android/Sdk/ndk-bundle/platforms/android-15/arch-x86/usr/lib/crtbegin_dynamic.o -L/home/maghob/Android/Sdk/ndk-bundle/toolchains/x86-4.9/prebuilt/linux-x86_64/bin/../lib/gcc/i686-linux-android/4.9.x -L/home/maghob/Android/Sdk/ndk-bundle/toolchains/x86-4.9/prebuilt/linux-x86_64/bin/../lib/gcc -L/home/maghob/Android/Sdk/ndk-bundle/toolchains/x86-4.9/prebuilt/linux-x86_64/bin/../lib/gcc/i686-linux-android/4.9.x/../../../../i686-linux-android/lib -L/home/maghob/Android/Sdk/ndk-bundle/platforms/android-15/arch-x86/usr/lib --exclude-libs libgcc.a --build-id --warn-shared-textrel --fatal-warnings --no-undefined -z noexecstack -z relro -z now --gc-sections -z nocopyreloc CMakeFiles/cmTC_ab407.dir/CMakeCXXCompilerABI.cpp.o -lstdc++ -lm -lgcc -lc -ldl -lgcc /home/maghob/Android/Sdk/ndk-bundle/platforms/android-15/arch-x86/usr/lib/crtend_android.o


Parsed CXX implicit link information from above output:
  link line regex: [^( *|.*[/\])(i686-linux-android-ld|([^/\]+-)?ld|collect2)[^/\]*( |$)]
  ignore line: [Change Dir: /home/maghob/root/android_cartographer/app/.externalNativeBuild/cmake/release/x86/CMakeFiles/CMakeTmp]
  ignore line: []
  ignore line: [Run Build Command:"/home/maghob/Android/Sdk/cmake/3.6.4111459/bin/ninja" "cmTC_ab407"]
  ignore line: [[1/2] Building CXX object CMakeFiles/cmTC_ab407.dir/CMakeCXXCompilerABI.cpp.o]
  ignore line: [[2/2] Linking CXX executable cmTC_ab407]
  ignore line: [Using built-in specs.]
  ignore line: [COLLECT_GCC=/home/maghob/Android/Sdk/ndk-bundle/toolchains/x86-4.9/prebuilt/linux-x86_64/bin/i686-linux-android-g++]
  ignore line: [COLLECT_LTO_WRAPPER=/home/maghob/Android/Sdk/ndk-bundle/toolchains/x86-4.9/prebuilt/linux-x86_64/bin/../libexec/gcc/i686-linux-android/4.9.x/lto-wrapper]
  ignore line: [Target: i686-linux-android]
  ignore line: [Configured with: /usr/local/google/buildbot/src/android/gcc/toolchain/build/../gcc/gcc-4.9/configure --prefix=/tmp/f41bed50092f7cd0ad4af2b741f2d34a --target=i686-linux-android --host=x86_64-linux-gnu --build=x86_64-linux-gnu --with-gnu-as --with-gnu-ld --enable-languages=c,c++ --with-gmp=/buildbot/tmp/build/toolchain/temp-install --with-mpfr=/buildbot/tmp/build/toolchain/temp-install --with-mpc=/buildbot/tmp/build/toolchain/temp-install --with-cloog=/buildbot/tmp/build/toolchain/temp-install --with-isl=/buildbot/tmp/build/toolchain/temp-install --with-ppl=/buildbot/tmp/build/toolchain/temp-install --disable-ppl-version-check --disable-cloog-version-check --disable-isl-version-check --enable-cloog-backend=isl --with-host-libstdcxx='-static-libgcc -Wl,-Bstatic,-lstdc++,-Bdynamic -lm' --disable-libssp --enable-threads --disable-nls --disable-libmudflap --disable-libgomp --disable-libstdc__-v3 --disable-sjlj-exceptions --disable-shared --disable-tls --disable-libitm --with-arch=i686 --with-tune=intel --with-fpmath=sse --enable-bionic-libs --enable-libatomic-ifuncs=no --enable-initfini-array --disable-nls --prefix=/tmp/f41bed50092f7cd0ad4af2b741f2d34a --with-sysroot=/tmp/f41bed50092f7cd0ad4af2b741f2d34a/sysroot --with-binutils-version=2.25 --with-mpfr-version=3.1.1 --with-mpc-version=1.0.1 --with-gmp-version=5.0.5 --with-gcc-version=4.9 --with-gdb-version=none --with-gxx-include-dir=/tmp/f41bed50092f7cd0ad4af2b741f2d34a/include/c++/4.9.x --with-bugurl=http://source.android.com/source/report-bugs.html --enable-languages=c,c++ --disable-bootstrap --enable-plugins --enable-libgomp --enable-gnu-indirect-function --disable-libcilkrts --disable-libsanitizer --enable-gold --enable-threads --enable-eh-frame-hdr-for-static --enable-graphite=yes --with-isl-version=0.11.1 --with-cloog-version=0.18.0 --program-transform-name='s&^&i686-linux-android-&' --enable-gold=default]
  ignore line: [Thread model: posix]
  ignore line: [gcc version 4.9.x 20150123 (prerelease) (GCC) ]
  ignore line: [COMPILER_PATH=/home/maghob/Android/Sdk/ndk-bundle/toolchains/x86-4.9/prebuilt/linux-x86_64/bin/../libexec/gcc/i686-linux-android/4.9.x/:/home/maghob/Android/Sdk/ndk-bundle/toolchains/x86-4.9/prebuilt/linux-x86_64/bin/../libexec/gcc/:/home/maghob/Android/Sdk/ndk-bundle/toolchains/x86-4.9/prebuilt/linux-x86_64/bin/../lib/gcc/i686-linux-android/4.9.x/../../../../i686-linux-android/bin/]
  ignore line: [LIBRARY_PATH=/home/maghob/Android/Sdk/ndk-bundle/toolchains/x86-4.9/prebuilt/linux-x86_64/bin/../lib/gcc/i686-linux-android/4.9.x/:/home/maghob/Android/Sdk/ndk-bundle/toolchains/x86-4.9/prebuilt/linux-x86_64/bin/../lib/gcc/:/home/maghob/Android/Sdk/ndk-bundle/toolchains/x86-4.9/prebuilt/linux-x86_64/bin/../lib/gcc/i686-linux-android/4.9.x/../../../../i686-linux-android/lib/:/home/maghob/Android/Sdk/ndk-bundle/platforms/android-15/arch-x86/usr/lib/]
  ignore line: [COLLECT_GCC_OPTIONS='-isystem' '/home/maghob/Android/Sdk/ndk-bundle/sysroot/usr/include/i686-linux-android' '-D' '__ANDROID_API__=15' '-g' '-D' 'ANDROID' '-ffunction-sections' '-funwind-tables' '-fstack-protector-strong' '-mstackrealign' '-Wformat=1' '-Werror=format-security' '-v' '-o' 'cmTC_ab407' '-mtune=intel' '-march=i686']
  link line: [ /home/maghob/Android/Sdk/ndk-bundle/toolchains/x86-4.9/prebuilt/linux-x86_64/bin/../libexec/gcc/i686-linux-android/4.9.x/collect2 -plugin /home/maghob/Android/Sdk/ndk-bundle/toolchains/x86-4.9/prebuilt/linux-x86_64/bin/../libexec/gcc/i686-linux-android/4.9.x/liblto_plugin.so -plugin-opt=/home/maghob/Android/Sdk/ndk-bundle/toolchains/x86-4.9/prebuilt/linux-x86_64/bin/../libexec/gcc/i686-linux-android/4.9.x/lto-wrapper -plugin-opt=-fresolution=/tmp/ccXaNLqr.res -plugin-opt=-pass-through=-lgcc -plugin-opt=-pass-through=-lc -plugin-opt=-pass-through=-ldl -plugin-opt=-pass-through=-lgcc --sysroot=/home/maghob/Android/Sdk/ndk-bundle/platforms/android-15/arch-x86 --eh-frame-hdr -m elf_i386 -dynamic-linker /system/bin/linker -z noexecstack -z relro -z now -o cmTC_ab407 /home/maghob/Android/Sdk/ndk-bundle/platforms/android-15/arch-x86/usr/lib/crtbegin_dynamic.o -L/home/maghob/Android/Sdk/ndk-bundle/toolchains/x86-4.9/prebuilt/linux-x86_64/bin/../lib/gcc/i686-linux-android/4.9.x -L/home/maghob/Android/Sdk/ndk-bundle/toolchains/x86-4.9/prebuilt/linux-x86_64/bin/../lib/gcc -L/home/maghob/Android/Sdk/ndk-bundle/toolchains/x86-4.9/prebuilt/linux-x86_64/bin/../lib/gcc/i686-linux-android/4.9.x/../../../../i686-linux-android/lib -L/home/maghob/Android/Sdk/ndk-bundle/platforms/android-15/arch-x86/usr/lib --exclude-libs libgcc.a --build-id --warn-shared-textrel --fatal-warnings --no-undefined -z noexecstack -z relro -z now --gc-sections -z nocopyreloc CMakeFiles/cmTC_ab407.dir/CMakeCXXCompilerABI.cpp.o -lstdc++ -lm -lgcc -lc -ldl -lgcc /home/maghob/Android/Sdk/ndk-bundle/platforms/android-15/arch-x86/usr/lib/crtend_android.o]
    arg [/home/maghob/Android/Sdk/ndk-bundle/toolchains/x86-4.9/prebuilt/linux-x86_64/bin/../libexec/gcc/i686-linux-android/4.9.x/collect2] ==> ignore
    arg [-plugin] ==> ignore
    arg [/home/maghob/Android/Sdk/ndk-bundle/toolchains/x86-4.9/prebuilt/linux-x86_64/bin/../libexec/gcc/i686-linux-android/4.9.x/liblto_plugin.so] ==> ignore
    arg [-plugin-opt=/home/maghob/Android/Sdk/ndk-bundle/toolchains/x86-4.9/prebuilt/linux-x86_64/bin/../libexec/gcc/i686-linux-android/4.9.x/lto-wrapper] ==> ignore
    arg [-plugin-opt=-fresolution=/tmp/ccXaNLqr.res] ==> ignore
    arg [-plugin-opt=-pass-through=-lgcc] ==> ignore
    arg [-plugin-opt=-pass-through=-lc] ==> ignore
    arg [-plugin-opt=-pass-through=-ldl] ==> ignore
    arg [-plugin-opt=-pass-through=-lgcc] ==> ignore
    arg [--sysroot=/home/maghob/Android/Sdk/ndk-bundle/platforms/android-15/arch-x86] ==> ignore
    arg [--eh-frame-hdr] ==> ignore
    arg [-m] ==> ignore
    arg [elf_i386] ==> ignore
    arg [-dynamic-linker] ==> ignore
    arg [/system/bin/linker] ==> ignore
    arg [-znoexecstack] ==> ignore
    arg [-zrelro] ==> ignore
    arg [-znow] ==> ignore
    arg [-o] ==> ignore
    arg [cmTC_ab407] ==> ignore
    arg [/home/maghob/Android/Sdk/ndk-bundle/platforms/android-15/arch-x86/usr/lib/crtbegin_dynamic.o] ==> ignore
    arg [-L/home/maghob/Android/Sdk/ndk-bundle/toolchains/x86-4.9/prebuilt/linux-x86_64/bin/../lib/gcc/i686-linux-android/4.9.x] ==> dir [/home/maghob/Android/Sdk/ndk-bundle/toolchains/x86-4.9/prebuilt/linux-x86_64/bin/../lib/gcc/i686-linux-android/4.9.x]
    arg [-L/home/maghob/Android/Sdk/ndk-bundle/toolchains/x86-4.9/prebuilt/linux-x86_64/bin/../lib/gcc] ==> dir [/home/maghob/Android/Sdk/ndk-bundle/toolchains/x86-4.9/prebuilt/linux-x86_64/bin/../lib/gcc]
    arg [-L/home/maghob/Android/Sdk/ndk-bundle/toolchains/x86-4.9/prebuilt/linux-x86_64/bin/../lib/gcc/i686-linux-android/4.9.x/../../../../i686-linux-android/lib] ==> dir [/home/maghob/Android/Sdk/ndk-bundle/toolchains/x86-4.9/prebuilt/linux-x86_64/bin/../lib/gcc/i686-linux-android/4.9.x/../../../../i686-linux-android/lib]
    arg [-L/home/maghob/Android/Sdk/ndk-bundle/platforms/android-15/arch-x86/usr/lib] ==> dir [/home/maghob/Android/Sdk/ndk-bundle/platforms/android-15/arch-x86/usr/lib]
    arg [--exclude-libs] ==> ignore
    arg [libgcc.a] ==> ignore
    arg [--build-id] ==> ignore
    arg [--warn-shared-textrel] ==> ignore
    arg [--fatal-warnings] ==> ignore
    arg [--no-undefined] ==> ignore
    arg [-znoexecstack] ==> ignore
    arg [-zrelro] ==> ignore
    arg [-znow] ==> ignore
    arg [--gc-sections] ==> ignore
    arg [-znocopyreloc] ==> ignore
    arg [CMakeFiles/cmTC_ab407.dir/CMakeCXXCompilerABI.cpp.o] ==> ignore
    arg [-lstdc++] ==> lib [stdc++]
    arg [-lm] ==> lib [m]
    arg [-lgcc] ==> lib [gcc]
    arg [-lc] ==> lib [c]
    arg [-ldl] ==> lib [dl]
    arg [-lgcc] ==> lib [gcc]
    arg [/home/maghob/Android/Sdk/ndk-bundle/platforms/android-15/arch-x86/usr/lib/crtend_android.o] ==> ignore
  remove lib [gcc]
  remove lib [gcc]
  collapse library dir [/home/maghob/Android/Sdk/ndk-bundle/toolchains/x86-4.9/prebuilt/linux-x86_64/bin/../lib/gcc/i686-linux-android/4.9.x] ==> [/home/maghob/Android/Sdk/ndk-bundle/toolchains/x86-4.9/prebuilt/linux-x86_64/lib/gcc/i686-linux-android/4.9.x]
  collapse library dir [/home/maghob/Android/Sdk/ndk-bundle/toolchains/x86-4.9/prebuilt/linux-x86_64/bin/../lib/gcc] ==> [/home/maghob/Android/Sdk/ndk-bundle/toolchains/x86-4.9/prebuilt/linux-x86_64/lib/gcc]
  collapse library dir [/home/maghob/Android/Sdk/ndk-bundle/toolchains/x86-4.9/prebuilt/linux-x86_64/bin/../lib/gcc/i686-linux-android/4.9.x/../../../../i686-linux-android/lib] ==> [/home/maghob/Android/Sdk/ndk-bundle/toolchains/x86-4.9/prebuilt/linux-x86_64/i686-linux-android/lib]
  collapse library dir [/home/maghob/Android/Sdk/ndk-bundle/platforms/android-15/arch-x86/usr/lib] ==> [/home/maghob/Android/Sdk/ndk-bundle/platforms/android-15/arch-x86/usr/lib]
  implicit libs: [stdc++;m;c;dl]
  implicit dirs: [/home/maghob/Android/Sdk/ndk-bundle/toolchains/x86-4.9/prebuilt/linux-x86_64/lib/gcc/i686-linux-android/4.9.x;/home/maghob/Android/Sdk/ndk-bundle/toolchains/x86-4.9/prebuilt/linux-x86_64/lib/gcc;/home/maghob/Android/Sdk/ndk-bundle/toolchains/x86-4.9/prebuilt/linux-x86_64/i686-linux-android/lib;/home/maghob/Android/Sdk/ndk-bundle/platforms/android-15/arch-x86/usr/lib]
  implicit fwks: []




Detecting CXX [-std=c++14] compiler features compiled with the following output:
Change Dir: /home/maghob/root/android_cartographer/app/.externalNativeBuild/cmake/release/x86/CMakeFiles/CMakeTmp

Run Build Command:"/home/maghob/Android/Sdk/cmake/3.6.4111459/bin/ninja" "cmTC_8ac1e"
[1/2] Building CXX object CMakeFiles/cmTC_8ac1e.dir/feature_tests.cxx.o
[2/2] Linking CXX executable cmTC_8ac1e


    Feature record: CXX_FEATURE:0cxx_aggregate_default_initializers
    Feature record: CXX_FEATURE:1cxx_alias_templates
    Feature record: CXX_FEATURE:1cxx_alignas
    Feature record: CXX_FEATURE:1cxx_alignof
    Feature record: CXX_FEATURE:1cxx_attributes
    Feature record: CXX_FEATURE:1cxx_attribute_deprecated
    Feature record: CXX_FEATURE:1cxx_auto_type
    Feature record: CXX_FEATURE:1cxx_binary_literals
    Feature record: CXX_FEATURE:1cxx_constexpr
    Feature record: CXX_FEATURE:1cxx_contextual_conversions
    Feature record: CXX_FEATURE:1cxx_decltype
    Feature record: CXX_FEATURE:1cxx_decltype_auto
    Feature record: CXX_FEATURE:1cxx_decltype_incomplete_return_types
    Feature record: CXX_FEATURE:1cxx_default_function_template_args
    Feature record: CXX_FEATURE:1cxx_defaulted_functions
    Feature record: CXX_FEATURE:1cxx_defaulted_move_initializers
    Feature record: CXX_FEATURE:1cxx_delegating_constructors
    Feature record: CXX_FEATURE:1cxx_deleted_functions
    Feature record: CXX_FEATURE:1cxx_digit_separators
    Feature record: CXX_FEATURE:1cxx_enum_forward_declarations
    Feature record: CXX_FEATURE:1cxx_explicit_conversions
    Feature record: CXX_FEATURE:1cxx_extended_friend_declarations
    Feature record: CXX_FEATURE:1cxx_extern_templates
    Feature record: CXX_FEATURE:1cxx_final
    Feature record: CXX_FEATURE:1cxx_func_identifier
    Feature record: CXX_FEATURE:1cxx_generalized_initializers
    Feature record: CXX_FEATURE:1cxx_generic_lambdas
    Feature record: CXX_FEATURE:1cxx_inheriting_constructors
    Feature record: CXX_FEATURE:1cxx_inline_namespaces
    Feature record: CXX_FEATURE:1cxx_lambdas
    Feature record: CXX_FEATURE:1cxx_lambda_init_captures
    Feature record: CXX_FEATURE:1cxx_local_type_template_args
    Feature record: CXX_FEATURE:1cxx_long_long_type
    Feature record: CXX_FEATURE:1cxx_noexcept
    Feature record: CXX_FEATURE:1cxx_nonstatic_member_init
    Feature record: CXX_FEATURE:1cxx_nullptr
    Feature record: CXX_FEATURE:1cxx_override
    Feature record: CXX_FEATURE:1cxx_range_for
    Feature record: CXX_FEATURE:1cxx_raw_string_literals
    Feature record: CXX_FEATURE:1cxx_reference_qualified_functions
    Feature record: CXX_FEATURE:0cxx_relaxed_constexpr
    Feature record: CXX_FEATURE:1cxx_return_type_deduction
    Feature record: CXX_FEATURE:1cxx_right_angle_brackets
    Feature record: CXX_FEATURE:1cxx_rvalue_references
    Feature record: CXX_FEATURE:1cxx_sizeof_member
    Feature record: CXX_FEATURE:1cxx_static_assert
    Feature record: CXX_FEATURE:1cxx_strong_enums
    Feature record: CXX_FEATURE:1cxx_template_template_parameters
    Feature record: CXX_FEATURE:1cxx_thread_local
    Feature record: CXX_FEATURE:1cxx_trailing_return_types
    Feature record: CXX_FEATURE:1cxx_unicode_literals
    Feature record: CXX_FEATURE:1cxx_uniform_initialization
    Feature record: CXX_FEATURE:1cxx_unrestricted_unions
    Feature record: CXX_FEATURE:1cxx_user_literals
    Feature record: CXX_FEATURE:0cxx_variable_templates
    Feature record: CXX_FEATURE:1cxx_variadic_macros
    Feature record: CXX_FEATURE:1cxx_variadic_templates


Detecting CXX [-std=c++11] compiler features compiled with the following output:
Change Dir: /home/maghob/root/android_cartographer/app/.externalNativeBuild/cmake/release/x86/CMakeFiles/CMakeTmp

Run Build Command:"/home/maghob/Android/Sdk/cmake/3.6.4111459/bin/ninja" "cmTC_ab549"
[1/2] Building CXX object CMakeFiles/cmTC_ab549.dir/feature_tests.cxx.o
[2/2] Linking CXX executable cmTC_ab549


    Feature record: CXX_FEATURE:0cxx_aggregate_default_initializers
    Feature record: CXX_FEATURE:1cxx_alias_templates
    Feature record: CXX_FEATURE:1cxx_alignas
    Feature record: CXX_FEATURE:1cxx_alignof
    Feature record: CXX_FEATURE:1cxx_attributes
    Feature record: CXX_FEATURE:0cxx_attribute_deprecated
    Feature record: CXX_FEATURE:1cxx_auto_type
    Feature record: CXX_FEATURE:0cxx_binary_literals
    Feature record: CXX_FEATURE:1cxx_constexpr
    Feature record: CXX_FEATURE:0cxx_contextual_conversions
    Feature record: CXX_FEATURE:1cxx_decltype
    Feature record: CXX_FEATURE:0cxx_decltype_auto
    Feature record: CXX_FEATURE:1cxx_decltype_incomplete_return_types
    Feature record: CXX_FEATURE:1cxx_default_function_template_args
    Feature record: CXX_FEATURE:1cxx_defaulted_functions
    Feature record: CXX_FEATURE:1cxx_defaulted_move_initializers
    Feature record: CXX_FEATURE:1cxx_delegating_constructors
    Feature record: CXX_FEATURE:1cxx_deleted_functions
    Feature record: CXX_FEATURE:0cxx_digit_separators
    Feature record: CXX_FEATURE:1cxx_enum_forward_declarations
    Feature record: CXX_FEATURE:1cxx_explicit_conversions
    Feature record: CXX_FEATURE:1cxx_extended_friend_declarations
    Feature record: CXX_FEATURE:1cxx_extern_templates
    Feature record: CXX_FEATURE:1cxx_final
    Feature record: CXX_FEATURE:1cxx_func_identifier
    Feature record: CXX_FEATURE:1cxx_generalized_initializers
    Feature record: CXX_FEATURE:0cxx_generic_lambdas
    Feature record: CXX_FEATURE:1cxx_inheriting_constructors
    Feature record: CXX_FEATURE:1cxx_inline_namespaces
    Feature record: CXX_FEATURE:1cxx_lambdas
    Feature record: CXX_FEATURE:0cxx_lambda_init_captures
    Feature record: CXX_FEATURE:1cxx_local_type_template_args
    Feature record: CXX_FEATURE:1cxx_long_long_type
    Feature record: CXX_FEATURE:1cxx_noexcept
    Feature record: CXX_FEATURE:1cxx_nonstatic_member_init
    Feature record: CXX_FEATURE:1cxx_nullptr
    Feature record: CXX_FEATURE:1cxx_override
    Feature record: CXX_FEATURE:1cxx_range_for
    Feature record: CXX_FEATURE:1cxx_raw_string_literals
    Feature record: CXX_FEATURE:1cxx_reference_qualified_functions
    Feature record: CXX_FEATURE:0cxx_relaxed_constexpr
    Feature record: CXX_FEATURE:0cxx_return_type_deduction
    Feature record: CXX_FEATURE:1cxx_right_angle_brackets
    Feature record: CXX_FEATURE:1cxx_rvalue_references
    Feature record: CXX_FEATURE:1cxx_sizeof_member
    Feature record: CXX_FEATURE:1cxx_static_assert
    Feature record: CXX_FEATURE:1cxx_strong_enums
    Feature record: CXX_FEATURE:1cxx_template_template_parameters
    Feature record: CXX_FEATURE:1cxx_thread_local
    Feature record: CXX_FEATURE:1cxx_trailing_return_types
    Feature record: CXX_FEATURE:1cxx_unicode_literals
    Feature record: CXX_FEATURE:1cxx_uniform_initialization
    Feature record: CXX_FEATURE:1cxx_unrestricted_unions
    Feature record: CXX_FEATURE:1cxx_user_literals
    Feature record: CXX_FEATURE:0cxx_variable_templates
    Feature record: CXX_FEATURE:1cxx_variadic_macros
    Feature record: CXX_FEATURE:1cxx_variadic_templates


Detecting CXX [-std=c++98] compiler features compiled with the following output:
Change Dir: /home/maghob/root/android_cartographer/app/.externalNativeBuild/cmake/release/x86/CMakeFiles/CMakeTmp

Run Build Command:"/home/maghob/Android/Sdk/cmake/3.6.4111459/bin/ninja" "cmTC_00cdd"
[1/2] Building CXX object CMakeFiles/cmTC_00cdd.dir/feature_tests.cxx.o
[2/2] Linking CXX executable cmTC_00cdd


    Feature record: CXX_FEATURE:0cxx_aggregate_default_initializers
    Feature record: CXX_FEATURE:0cxx_alias_templates
    Feature record: CXX_FEATURE:0cxx_alignas
    Feature record: CXX_FEATURE:0cxx_alignof
    Feature record: CXX_FEATURE:0cxx_attributes
    Feature record: CXX_FEATURE:0cxx_attribute_deprecated
    Feature record: CXX_FEATURE:0cxx_auto_type
    Feature record: CXX_FEATURE:0cxx_binary_literals
    Feature record: CXX_FEATURE:0cxx_constexpr
    Feature record: CXX_FEATURE:0cxx_contextual_conversions
    Feature record: CXX_FEATURE:0cxx_decltype
    Feature record: CXX_FEATURE:0cxx_decltype_auto
    Feature record: CXX_FEATURE:0cxx_decltype_incomplete_return_types
    Feature record: CXX_FEATURE:0cxx_default_function_template_args
    Feature record: CXX_FEATURE:0cxx_defaulted_functions
    Feature record: CXX_FEATURE:0cxx_defaulted_move_initializers
    Feature record: CXX_FEATURE:0cxx_delegating_constructors
    Feature record: CXX_FEATURE:0cxx_deleted_functions
    Feature record: CXX_FEATURE:0cxx_digit_separators
    Feature record: CXX_FEATURE:0cxx_enum_forward_declarations
    Feature record: CXX_FEATURE:0cxx_explicit_conversions
    Feature record: CXX_FEATURE:0cxx_extended_friend_declarations
    Feature record: CXX_FEATURE:0cxx_extern_templates
    Feature record: CXX_FEATURE:0cxx_final
    Feature record: CXX_FEATURE:0cxx_func_identifier
    Feature record: CXX_FEATURE:0cxx_generalized_initializers
    Feature record: CXX_FEATURE:0cxx_generic_lambdas
    Feature record: CXX_FEATURE:0cxx_inheriting_constructors
    Feature record: CXX_FEATURE:0cxx_inline_namespaces
    Feature record: CXX_FEATURE:0cxx_lambdas
    Feature record: CXX_FEATURE:0cxx_lambda_init_captures
    Feature record: CXX_FEATURE:0cxx_local_type_template_args
    Feature record: CXX_FEATURE:0cxx_long_long_type
    Feature record: CXX_FEATURE:0cxx_noexcept
    Feature record: CXX_FEATURE:0cxx_nonstatic_member_init
    Feature record: CXX_FEATURE:0cxx_nullptr
    Feature record: CXX_FEATURE:0cxx_override
    Feature record: CXX_FEATURE:0cxx_range_for
    Feature record: CXX_FEATURE:0cxx_raw_string_literals
    Feature record: CXX_FEATURE:0cxx_reference_qualified_functions
    Feature record: CXX_FEATURE:0cxx_relaxed_constexpr
    Feature record: CXX_FEATURE:0cxx_return_type_deduction
    Feature record: CXX_FEATURE:0cxx_right_angle_brackets
    Feature record: CXX_FEATURE:0cxx_rvalue_references
    Feature record: CXX_FEATURE:0cxx_sizeof_member
    Feature record: CXX_FEATURE:0cxx_static_assert
    Feature record: CXX_FEATURE:0cxx_strong_enums
    Feature record: CXX_FEATURE:1cxx_template_template_parameters
    Feature record: CXX_FEATURE:0cxx_thread_local
    Feature record: CXX_FEATURE:0cxx_trailing_return_types
    Feature record: CXX_FEATURE:0cxx_unicode_literals
    Feature record: CXX_FEATURE:0cxx_uniform_initialization
    Feature record: CXX_FEATURE:0cxx_unrestricted_unions
    Feature record: CXX_FEATURE:0cxx_user_literals
    Feature record: CXX_FEATURE:0cxx_variable_templates
    Feature record: CXX_FEATURE:0cxx_variadic_macros
    Feature record: CXX_FEATURE:0cxx_variadic_templates
