Compiling the C compiler identification source file "CMakeCCompilerId.c" failed.
Compiler: /home/maghob/Android/Sdk/ndk-bundle/toolchains/arm-linux-androideabi-4.9/prebuilt/linux-x86_64/bin/arm-linux-androideabi-gcc 
Build flags: -isystem;/home/maghob/Android/Sdk/ndk-bundle/sysroot/usr/include/arm-linux-androideabi;-D__ANDROID_API__=15;-g;-DANDROID;-ffunction-sections;-funwind-tables;-fstack-protector-strong;-no-canonical-prefixes;-march=armv5te;-mtune=xscale;-msoft-float;-marm;-Wa,--noexecstack;-Wformat;-Werror=format-security;
Id flags: 

The output was:
1
/home/maghob/Android/Sdk/ndk-bundle/toolchains/arm-linux-androideabi-4.9/prebuilt/linux-x86_64/bin/../lib/gcc/arm-linux-androideabi/4.9.x/../../../../arm-linux-androideabi/bin/ld: error: cannot open crtbegin_dynamic.o: No such file or directory
/home/maghob/Android/Sdk/ndk-bundle/toolchains/arm-linux-androideabi-4.9/prebuilt/linux-x86_64/bin/../lib/gcc/arm-linux-androideabi/4.9.x/../../../../arm-linux-androideabi/bin/ld: error: cannot open crtend_android.o: No such file or directory
/home/maghob/Android/Sdk/ndk-bundle/toolchains/arm-linux-androideabi-4.9/prebuilt/linux-x86_64/bin/../lib/gcc/arm-linux-androideabi/4.9.x/../../../../arm-linux-androideabi/bin/ld: error: cannot find -lc
/home/maghob/Android/Sdk/ndk-bundle/toolchains/arm-linux-androideabi-4.9/prebuilt/linux-x86_64/bin/../lib/gcc/arm-linux-androideabi/4.9.x/../../../../arm-linux-androideabi/bin/ld: error: cannot find -ldl
/usr/local/google/buildbot/src/android/gcc/toolchain/build/../gcc/gcc-4.9/libgcc/unwind-arm-common.inc:289: error: undefined reference to 'abort'
/usr/local/google/buildbot/src/android/gcc/toolchain/build/../gcc/gcc-4.9/libgcc/unwind-arm-common.inc:346: error: undefined reference to 'memcpy'
/usr/local/google/buildbot/src/android/gcc/toolchain/build/../gcc/gcc-4.9/libgcc/unwind-arm-common.inc:376: error: undefined reference to 'memcpy'
/usr/local/google/buildbot/src/android/gcc/toolchain/build/../gcc/gcc-4.9/libgcc/unwind-arm-common.inc:505: error: undefined reference to 'abort'
/usr/local/google/buildbot/src/android/gcc/toolchain/build/../gcc/gcc-4.9/libgcc/config/arm/pr-support.c:378: error: undefined reference to 'abort'
/usr/local/google/buildbot/src/android/gcc/toolchain/build/../gcc/gcc-4.9/libgcc/config/arm/pr-support.c:384: error: undefined reference to 'abort'
collect2: error: ld returned 1 exit status


Compiling the CXX compiler identification source file "CMakeCXXCompilerId.cpp" failed.
Compiler: /home/maghob/Android/Sdk/ndk-bundle/toolchains/arm-linux-androideabi-4.9/prebuilt/linux-x86_64/bin/arm-linux-androideabi-g++ 
Build flags: -isystem;/home/maghob/Android/Sdk/ndk-bundle/sysroot/usr/include/arm-linux-androideabi;-D__ANDROID_API__=15;-g;-DANDROID;-ffunction-sections;-funwind-tables;-fstack-protector-strong;-no-canonical-prefixes;-march=armv5te;-mtune=xscale;-msoft-float;-marm;-Wa,--noexecstack;-Wformat;-Werror=format-security;;
Id flags: 

The output was:
1
/home/maghob/Android/Sdk/ndk-bundle/toolchains/arm-linux-androideabi-4.9/prebuilt/linux-x86_64/bin/../lib/gcc/arm-linux-androideabi/4.9.x/../../../../arm-linux-androideabi/bin/ld: error: cannot open crtbegin_dynamic.o: No such file or directory
/home/maghob/Android/Sdk/ndk-bundle/toolchains/arm-linux-androideabi-4.9/prebuilt/linux-x86_64/bin/../lib/gcc/arm-linux-androideabi/4.9.x/../../../../arm-linux-androideabi/bin/ld: error: cannot open crtend_android.o: No such file or directory
/home/maghob/Android/Sdk/ndk-bundle/toolchains/arm-linux-androideabi-4.9/prebuilt/linux-x86_64/bin/../lib/gcc/arm-linux-androideabi/4.9.x/../../../../arm-linux-androideabi/bin/ld: error: cannot find -lstdc++
/home/maghob/Android/Sdk/ndk-bundle/toolchains/arm-linux-androideabi-4.9/prebuilt/linux-x86_64/bin/../lib/gcc/arm-linux-androideabi/4.9.x/../../../../arm-linux-androideabi/bin/ld: error: cannot find -lm
/home/maghob/Android/Sdk/ndk-bundle/toolchains/arm-linux-androideabi-4.9/prebuilt/linux-x86_64/bin/../lib/gcc/arm-linux-androideabi/4.9.x/../../../../arm-linux-androideabi/bin/ld: error: cannot find -lc
/home/maghob/Android/Sdk/ndk-bundle/toolchains/arm-linux-androideabi-4.9/prebuilt/linux-x86_64/bin/../lib/gcc/arm-linux-androideabi/4.9.x/../../../../arm-linux-androideabi/bin/ld: error: cannot find -ldl
/usr/local/google/buildbot/src/android/gcc/toolchain/build/../gcc/gcc-4.9/libgcc/unwind-arm-common.inc:289: error: undefined reference to 'abort'
/usr/local/google/buildbot/src/android/gcc/toolchain/build/../gcc/gcc-4.9/libgcc/unwind-arm-common.inc:346: error: undefined reference to 'memcpy'
/usr/local/google/buildbot/src/android/gcc/toolchain/build/../gcc/gcc-4.9/libgcc/unwind-arm-common.inc:376: error: undefined reference to 'memcpy'
/usr/local/google/buildbot/src/android/gcc/toolchain/build/../gcc/gcc-4.9/libgcc/unwind-arm-common.inc:505: error: undefined reference to 'abort'
/usr/local/google/buildbot/src/android/gcc/toolchain/build/../gcc/gcc-4.9/libgcc/config/arm/pr-support.c:378: error: undefined reference to 'abort'
/usr/local/google/buildbot/src/android/gcc/toolchain/build/../gcc/gcc-4.9/libgcc/config/arm/pr-support.c:384: error: undefined reference to 'abort'
collect2: error: ld returned 1 exit status


